#
# There is insufficient memory for the Java Runtime Environment to continue.
# Native memory allocation (malloc) failed to allocate 2027216 bytes for Chunk::new
# Possible reasons:
#   The system is out of physical RAM or swap space
#   The process is running with CompressedOops enabled, and the Java Heap may be blocking the growth of the native heap
# Possible solutions:
#   Reduce memory load on the system
#   Increase physical memory or swap space
#   Check if swap backing store is full
#   Decrease Java heap size (-Xmx/-Xms)
#   Decrease number of Java threads
#   Decrease Java thread stack sizes (-Xss)
#   Set larger code cache with -XX:ReservedCodeCacheSize=
#   JVM is running with Unscaled Compressed Oops mode in which the Java heap is
#     placed in the first 4GB address space. The Java Heap base address is the
#     maximum limit for the native heap growth. Please use -XX:HeapBaseMinAddress
#     to set the Java Heap base and to place the Java Heap above 4GB virtual address.
# This output file may be truncated or incomplete.
#
#  Out of Memory Error (./src/hotspot/share/memory/arena.cpp:197), pid=7928, tid=5108
#
# JRE version: OpenJDK Runtime Environment (11.0.10) (build 11.0.10+0-b96-7249189)
# Java VM: OpenJDK 64-Bit Server VM (11.0.10+0-b96-7249189, mixed mode, tiered, compressed oops, g1 gc, windows-amd64)
# No core dump will be written. Minidumps are not enabled by default on client versions of Windows
#

---------------  S U M M A R Y ------------

Command Line: --add-opens=java.base/java.util=ALL-UNNAMED --add-opens=java.base/java.lang=ALL-UNNAMED --add-opens=java.base/java.lang.invoke=ALL-UNNAMED --add-opens=java.base/java.util=ALL-UNNAMED --add-opens=java.prefs/java.util.prefs=ALL-UNNAMED --add-opens=java.prefs/java.util.prefs=ALL-UNNAMED --add-opens=java.base/java.nio.charset=ALL-UNNAMED --add-opens=java.base/java.net=ALL-UNNAMED --add-opens=java.base/java.util.concurrent.atomic=ALL-UNNAMED -Xmx2048m -Dfile.encoding=UTF-8 -Duser.country=IN -Duser.language=en -Duser.variant org.gradle.launcher.daemon.bootstrap.GradleDaemon 7.0.2

Host: Intel(R) Core(TM) i5-5200U CPU @ 2.20GHz, 4 cores, 7G,  Windows 10 , 64 bit Build 19041 (10.0.19041.1348)
Time: Tue Nov 30 06:23:19 2021 India Standard Time elapsed time: 3982.772615 seconds (0d 1h 6m 22s)

---------------  T H R E A D  ---------------

Current thread (0x000001890f2d0000):  JavaThread "C2 CompilerThread0" daemon [_thread_in_native, id=5108, stack(0x0000002811a00000,0x0000002811b00000)]


Current CompileTask:
C2:3982772 17804   !   4       com.sun.tools.javac.jvm.ClassReader::classSigToType (498 bytes)

Stack: [0x0000002811a00000,0x0000002811b00000]
Native frames: (J=compiled Java code, j=interpreted, Vv=VM code, C=native code)
V  [jvm.dll+0x5ecfaa]
V  [jvm.dll+0x722bd5]
V  [jvm.dll+0x72412d]
V  [jvm.dll+0x7247e3]
V  [jvm.dll+0x242928]
V  [jvm.dll+0xbc4fc]
V  [jvm.dll+0xbca0c]
V  [jvm.dll+0x352d3b]
V  [jvm.dll+0x320ad3]
V  [jvm.dll+0x31ffca]
V  [jvm.dll+0x1fb602]
V  [jvm.dll+0x1fa7f4]
V  [jvm.dll+0x18354c]
V  [jvm.dll+0x208ee7]
V  [jvm.dll+0x207731]
V  [jvm.dll+0x6eb1cf]
V  [jvm.dll+0x6e3d45]
V  [jvm.dll+0x5ebe96]
C  [ucrtbase.dll+0x21bb2]
C  [KERNEL32.DLL+0x17034]
C  [ntdll.dll+0x52651]


---------------  P R O C E S S  ---------------

Threads class SMR info:
_java_thread_list=0x0000018916c7cf60, length=46, elements={
0x0000018974f08000, 0x000001890f2af000, 0x000001890f2b7800, 0x000001890fc52800,
0x000001890f2ca000, 0x000001890f2cc800, 0x000001890f2d0000, 0x000001890f2d1000,
0x000001890f2e2000, 0x000001890fd84000, 0x0000018912309800, 0x000001891148c800,
0x0000018912592800, 0x00000189101a6800, 0x00000189101a5800, 0x00000189101a7000,
0x00000189101a9000, 0x00000189101a4000, 0x0000018912627800, 0x0000018912629800,
0x000001891262c000, 0x000001891262b000, 0x0000018912630800, 0x0000018912634000,
0x0000018912635000, 0x0000018912635800, 0x00000189101aa800, 0x000001891262d800,
0x0000018912628800, 0x000001891262f000, 0x0000018912630000, 0x0000018912631800,
0x0000018912632800, 0x0000018912633000, 0x00000189101a8000, 0x00000189101a4800,
0x00000189101a9800, 0x000001891bbcb000, 0x000001891bbd0000, 0x000001891bbcd800,
0x000001891bbce800, 0x000001891bbcf800, 0x000001891bbcd000, 0x000001891bbcc000,
0x000001891bbd7800, 0x000001891bbd6000
}

Java Threads: ( => current thread )
  0x0000018974f08000 JavaThread "main" [_thread_blocked, id=6384, stack(0x0000002810e00000,0x0000002810f00000)]
  0x000001890f2af000 JavaThread "Reference Handler" daemon [_thread_blocked, id=7804, stack(0x0000002811500000,0x0000002811600000)]
  0x000001890f2b7800 JavaThread "Finalizer" daemon [_thread_blocked, id=8456, stack(0x0000002811600000,0x0000002811700000)]
  0x000001890fc52800 JavaThread "Signal Dispatcher" daemon [_thread_blocked, id=7232, stack(0x0000002811700000,0x0000002811800000)]
  0x000001890f2ca000 JavaThread "Attach Listener" daemon [_thread_blocked, id=3044, stack(0x0000002811800000,0x0000002811900000)]
  0x000001890f2cc800 JavaThread "Service Thread" daemon [_thread_blocked, id=1108, stack(0x0000002811900000,0x0000002811a00000)]
=>0x000001890f2d0000 JavaThread "C2 CompilerThread0" daemon [_thread_in_native, id=5108, stack(0x0000002811a00000,0x0000002811b00000)]
  0x000001890f2d1000 JavaThread "C1 CompilerThread0" daemon [_thread_blocked, id=5592, stack(0x0000002811b00000,0x0000002811c00000)]
  0x000001890f2e2000 JavaThread "Sweeper thread" daemon [_thread_blocked, id=5104, stack(0x0000002811c00000,0x0000002811d00000)]
  0x000001890fd84000 JavaThread "Common-Cleaner" daemon [_thread_blocked, id=6208, stack(0x0000002811d00000,0x0000002811e00000)]
  0x0000018912309800 JavaThread "Daemon health stats" [_thread_blocked, id=3020, stack(0x0000002812100000,0x0000002812200000)]
  0x000001891148c800 JavaThread "Incoming local TCP Connector on port 58805" [_thread_in_native, id=8332, stack(0x0000002812000000,0x0000002812100000)]
  0x0000018912592800 JavaThread "Daemon periodic checks" [_thread_blocked, id=1160, stack(0x0000002812200000,0x0000002812300000)]
  0x00000189101a6800 JavaThread "Cache worker for file hash cache (C:\Users\ROY\.gradle\caches\7.0.2\fileHashes)" [_thread_blocked, id=4748, stack(0x0000002812c00000,0x0000002812d00000)]
  0x00000189101a5800 JavaThread "File lock request listener" [_thread_in_native, id=7572, stack(0x0000002812d00000,0x0000002812e00000)]
  0x00000189101a7000 JavaThread "Cache worker for journal cache (C:\Users\ROY\.gradle\caches\journal-1)" [_thread_blocked, id=488, stack(0x0000002812e00000,0x0000002812f00000)]
  0x00000189101a9000 JavaThread "File watcher server" daemon [_thread_in_native, id=9084, stack(0x0000002813100000,0x0000002813200000)]
  0x00000189101a4000 JavaThread "File watcher consumer" daemon [_thread_blocked, id=2420, stack(0x0000002813200000,0x0000002813300000)]
  0x0000018912627800 JavaThread "Cache worker for execution history cache (C:\Users\ROY\.gradle\caches\7.0.2\executionHistory)" [_thread_blocked, id=3836, stack(0x0000002813600000,0x0000002813700000)]
  0x0000018912629800 JavaThread "jar transforms" [_thread_blocked, id=4424, stack(0x0000002813700000,0x0000002813800000)]
  0x000001891262c000 JavaThread "jar transforms Thread 2" [_thread_blocked, id=9100, stack(0x0000002813800000,0x0000002813900000)]
  0x000001891262b000 JavaThread "Cache worker for file content cache (C:\Users\ROY\.gradle\caches\7.0.2\fileContent)" [_thread_blocked, id=8572, stack(0x0000002813900000,0x0000002813a00000)]
  0x0000018912630800 JavaThread "jar transforms Thread 3" [_thread_blocked, id=5596, stack(0x0000002813b00000,0x0000002813c00000)]
  0x0000018912634000 JavaThread "jar transforms Thread 4" [_thread_blocked, id=2064, stack(0x0000002814100000,0x0000002814200000)]
  0x0000018912635000 JavaThread "Memory manager" [_thread_blocked, id=4024, stack(0x0000002812f00000,0x0000002813000000)]
  0x0000018912635800 JavaThread "Cache worker for Java compile cache (C:\Users\ROY\.gradle\caches\7.0.2\javaCompile)" [_thread_blocked, id=1132, stack(0x0000002814500000,0x0000002814600000)]
  0x00000189101aa800 JavaThread "ForkJoinPool.commonPool-worker-5" daemon [_thread_blocked, id=8196, stack(0x0000002814b00000,0x0000002814c00000)]
  0x000001891262d800 JavaThread "Daemon Thread 5" [_thread_blocked, id=7324, stack(0x0000002810b00000,0x0000002810c00000)]
  0x0000018912628800 JavaThread "Handler for socket connection from /127.0.0.1:58805 to /127.0.0.1:61677" [_thread_in_native, id=7104, stack(0x0000002810c00000,0x0000002810d00000)]
  0x000001891262f000 JavaThread "Cancel handler" [_thread_blocked, id=6152, stack(0x0000002810d00000,0x0000002810e00000)]
  0x0000018912630000 JavaThread "Daemon worker Thread 5" [_thread_in_vm, id=6468, stack(0x0000002812300000,0x0000002812400000)]
  0x0000018912631800 JavaThread "Asynchronous log dispatcher for DefaultDaemonConnection: socket connection from /127.0.0.1:58805 to /127.0.0.1:61677" [_thread_blocked, id=7600, stack(0x0000002812400000,0x0000002812500000)]
  0x0000018912632800 JavaThread "Stdin handler" [_thread_blocked, id=6096, stack(0x0000002812600000,0x0000002812700000)]
  0x0000018912633000 JavaThread "Daemon client event forwarder" [_thread_blocked, id=1088, stack(0x0000002812700000,0x0000002812800000)]
  0x00000189101a8000 JavaThread "Cache worker for file hash cache (C:\Users\ROY\AndroidStudioProjects\SaveNotes\.gradle\7.0.2\fileHashes)" [_thread_blocked, id=7940, stack(0x0000002812800000,0x0000002812900000)]
  0x00000189101a4800 JavaThread "Cache worker for checksums cache (C:\Users\ROY\AndroidStudioProjects\SaveNotes\.gradle\checksums)" [_thread_blocked, id=6564, stack(0x0000002812900000,0x0000002812a00000)]
  0x00000189101a9800 JavaThread "Cache worker for cache directory md-supplier (C:\Users\ROY\.gradle\caches\7.0.2\md-supplier)" [_thread_blocked, id=7332, stack(0x0000002812a00000,0x0000002812b00000)]
  0x000001891bbcb000 JavaThread "Cache worker for cache directory md-rule (C:\Users\ROY\.gradle\caches\7.0.2\md-rule)" [_thread_blocked, id=8472, stack(0x0000002813000000,0x0000002813100000)]
  0x000001891bbd0000 JavaThread "Cache worker for dependencies-accessors (C:\Users\ROY\AndroidStudioProjects\SaveNotes\.gradle\7.0.2\dependencies-accessors)" [_thread_blocked, id=6836, stack(0x0000002813300000,0x0000002813400000)]
  0x000001891bbcd800 JavaThread "Cache worker for Build Output Cleanup Cache (C:\Users\ROY\AndroidStudioProjects\SaveNotes\.gradle\buildOutputCleanup)" [_thread_blocked, id=7404, stack(0x0000002813400000,0x0000002813500000)]
  0x000001891bbce800 JavaThread "Build operations" [_thread_blocked, id=4676, stack(0x0000002813500000,0x0000002813600000)]
  0x000001891bbcf800 JavaThread "Build operations Thread 2" [_thread_blocked, id=8204, stack(0x0000002813a00000,0x0000002813b00000)]
  0x000001891bbcd000 JavaThread "Build operations Thread 3" [_thread_blocked, id=7904, stack(0x0000002813c00000,0x0000002813d00000)]
  0x000001891bbcc000 JavaThread "Build operations Thread 4" [_thread_blocked, id=1936, stack(0x0000002813d00000,0x0000002813e00000)]
  0x000001891bbd7800 JavaThread "Cache worker for execution history cache (C:\Users\ROY\AndroidStudioProjects\SaveNotes\.gradle\7.0.2\executionHistory)" [_thread_blocked, id=8564, stack(0x0000002814300000,0x0000002814400000)]
  0x000001891bbd6000 JavaThread "Cache worker for Java compile cache (C:\Users\ROY\AndroidStudioProjects\SaveNotes\.gradle\7.0.2\javaCompile)" [_thread_blocked, id=5868, stack(0x0000002814400000,0x0000002814500000)]

Other Threads:
  0x000001890f2aa000 VMThread "VM Thread" [stack: 0x0000002811400000,0x0000002811500000] [id=4648]
  0x000001890fdb2000 WatcherThread [stack: 0x0000002811e00000,0x0000002811f00000] [id=4128]
  0x0000018974f23800 GCTaskThread "GC Thread#0" [stack: 0x0000002810f00000,0x0000002811000000] [id=3644]
  0x00000189106e9800 GCTaskThread "GC Thread#1" [stack: 0x0000002811f00000,0x0000002812000000] [id=4688]
  0x0000018911ccd800 GCTaskThread "GC Thread#2" [stack: 0x0000002812500000,0x0000002812600000] [id=1872]
  0x00000189101c2000 GCTaskThread "GC Thread#3" [stack: 0x0000002812b00000,0x0000002812c00000] [id=6440]
  0x0000018974f54800 ConcurrentGCThread "G1 Main Marker" [stack: 0x0000002811000000,0x0000002811100000] [id=5912]
  0x0000018974f57000 ConcurrentGCThread "G1 Conc#0" [stack: 0x0000002811100000,0x0000002811200000] [id=8520]
  0x0000018974fd2000 ConcurrentGCThread "G1 Refine#0" [stack: 0x0000002811200000,0x0000002811300000] [id=8660]
  0x0000018974fd3000 ConcurrentGCThread "G1 Young RemSet Sampling" [stack: 0x0000002811300000,0x0000002811400000] [id=3252]

Threads with active compile tasks:
C2 CompilerThread03983125 17804   !   4       com.sun.tools.javac.jvm.ClassReader::classSigToType (498 bytes)

VM state:not at safepoint (normal execution)

VM Mutex/Monitor currently owned by a thread: None

Heap address: 0x0000000080000000, size: 2048 MB, Compressed Oops mode: 32-bit
Narrow klass base: 0x0000000000000000, Narrow klass shift: 3
Compressed class space size: 1073741824 Address: 0x0000000100000000

Heap:
 garbage-first heap   total 147456K, used 101085K [0x0000000080000000, 0x0000000100000000)
  region size 1024K, 17 young (17408K), 1 survivors (1024K)
 Metaspace       used 109966K, capacity 112943K, committed 113100K, reserved 1146880K
  class space    used 14070K, capacity 15163K, committed 15308K, reserved 1048576K
Heap Regions: E=young(eden), S=young(survivor), O=old, HS=humongous(starts), HC=humongous(continues), CS=collection set, F=free, A=archive, TAMS=top-at-mark-start (previous, next)
|   0|0x0000000080000000, 0x0000000080100000, 0x0000000080100000|100%| O|  |TAMS 0x0000000080100000, 0x0000000080000000| Untracked 
|   1|0x0000000080100000, 0x0000000080200000, 0x0000000080200000|100%| O|  |TAMS 0x0000000080200000, 0x0000000080100000| Untracked 
|   2|0x0000000080200000, 0x0000000080300000, 0x0000000080300000|100%| O|  |TAMS 0x0000000080300000, 0x0000000080200000| Untracked 
|   3|0x0000000080300000, 0x0000000080400000, 0x0000000080400000|100%|HS|  |TAMS 0x0000000080400000, 0x0000000080300000| Complete 
|   4|0x0000000080400000, 0x0000000080500000, 0x0000000080500000|100%|HC|  |TAMS 0x0000000080500000, 0x0000000080400000| Complete 
|   5|0x0000000080500000, 0x0000000080600000, 0x0000000080600000|100%|HC|  |TAMS 0x0000000080600000, 0x0000000080500000| Complete 
|   6|0x0000000080600000, 0x0000000080700000, 0x0000000080700000|100%| O|  |TAMS 0x0000000080700000, 0x0000000080600000| Untracked 
|   7|0x0000000080700000, 0x0000000080800000, 0x0000000080800000|100%| O|  |TAMS 0x0000000080800000, 0x0000000080700000| Untracked 
|   8|0x0000000080800000, 0x0000000080900000, 0x0000000080900000|100%| O|  |TAMS 0x0000000080900000, 0x0000000080800000| Untracked 
|   9|0x0000000080900000, 0x0000000080a00000, 0x0000000080a00000|100%| O|  |TAMS 0x0000000080a00000, 0x0000000080900000| Untracked 
|  10|0x0000000080a00000, 0x0000000080b00000, 0x0000000080b00000|100%| O|  |TAMS 0x0000000080b00000, 0x0000000080a00000| Untracked 
|  11|0x0000000080b00000, 0x0000000080c00000, 0x0000000080c00000|100%| O|  |TAMS 0x0000000080c00000, 0x0000000080b00000| Untracked 
|  12|0x0000000080c00000, 0x0000000080d00000, 0x0000000080d00000|100%| O|  |TAMS 0x0000000080d00000, 0x0000000080c00000| Untracked 
|  13|0x0000000080d00000, 0x0000000080e00000, 0x0000000080e00000|100%| O|  |TAMS 0x0000000080e00000, 0x0000000080d00000| Untracked 
|  14|0x0000000080e00000, 0x0000000080e00000, 0x0000000080f00000|  0%| F|  |TAMS 0x0000000080e00000, 0x0000000080e00000| Untracked 
|  15|0x0000000080f00000, 0x0000000081000000, 0x0000000081000000|100%| O|  |TAMS 0x0000000081000000, 0x0000000080f00000| Untracked 
|  16|0x0000000081000000, 0x0000000081100000, 0x0000000081100000|100%| O|  |TAMS 0x0000000081100000, 0x0000000081000000| Untracked 
|  17|0x0000000081100000, 0x0000000081200000, 0x0000000081200000|100%|HS|  |TAMS 0x0000000081200000, 0x0000000081100000| Complete 
|  18|0x0000000081200000, 0x0000000081300000, 0x0000000081300000|100%| O|  |TAMS 0x0000000081300000, 0x0000000081200000| Untracked 
|  19|0x0000000081300000, 0x0000000081400000, 0x0000000081400000|100%| O|  |TAMS 0x0000000081400000, 0x0000000081300000| Untracked 
|  20|0x0000000081400000, 0x0000000081500000, 0x0000000081500000|100%| O|  |TAMS 0x0000000081500000, 0x0000000081400000| Untracked 
|  21|0x0000000081500000, 0x0000000081600000, 0x0000000081600000|100%| O|  |TAMS 0x0000000081600000, 0x0000000081500000| Untracked 
|  22|0x0000000081600000, 0x0000000081700000, 0x0000000081700000|100%| O|  |TAMS 0x0000000081700000, 0x0000000081600000| Untracked 
|  23|0x0000000081700000, 0x0000000081800000, 0x0000000081800000|100%| O|  |TAMS 0x0000000081800000, 0x0000000081700000| Untracked 
|  24|0x0000000081800000, 0x0000000081900000, 0x0000000081900000|100%| O|  |TAMS 0x0000000081900000, 0x0000000081800000| Untracked 
|  25|0x0000000081900000, 0x0000000081a00000, 0x0000000081a00000|100%| O|  |TAMS 0x0000000081900000, 0x0000000081900000| Untracked 
|  26|0x0000000081a00000, 0x0000000081a00000, 0x0000000081b00000|  0%| F|  |TAMS 0x0000000081a00000, 0x0000000081a00000| Untracked 
|  27|0x0000000081b00000, 0x0000000081c00000, 0x0000000081c00000|100%|HS|  |TAMS 0x0000000081c00000, 0x0000000081b00000| Complete 
|  28|0x0000000081c00000, 0x0000000081d00000, 0x0000000081d00000|100%|HS|  |TAMS 0x0000000081d00000, 0x0000000081c00000| Complete 
|  29|0x0000000081d00000, 0x0000000081e00000, 0x0000000081e00000|100%|HC|  |TAMS 0x0000000081e00000, 0x0000000081d00000| Complete 
|  30|0x0000000081e00000, 0x0000000081f00000, 0x0000000081f00000|100%| O|  |TAMS 0x0000000081f00000, 0x0000000081e00000| Untracked 
|  31|0x0000000081f00000, 0x0000000082000000, 0x0000000082000000|100%| O|  |TAMS 0x0000000082000000, 0x0000000081f00000| Untracked 
|  32|0x0000000082000000, 0x0000000082000000, 0x0000000082100000|  0%| F|  |TAMS 0x0000000082000000, 0x0000000082000000| Untracked 
|  33|0x0000000082100000, 0x0000000082200000, 0x0000000082200000|100%| O|  |TAMS 0x0000000082100000, 0x0000000082100000| Untracked 
|  34|0x0000000082200000, 0x0000000082300000, 0x0000000082300000|100%| O|  |TAMS 0x0000000082300000, 0x0000000082200000| Untracked 
|  35|0x0000000082300000, 0x0000000082400000, 0x0000000082400000|100%| O|  |TAMS 0x0000000082400000, 0x0000000082300000| Untracked 
|  36|0x0000000082400000, 0x0000000082500000, 0x0000000082500000|100%| O|  |TAMS 0x0000000082500000, 0x0000000082400000| Untracked 
|  37|0x0000000082500000, 0x0000000082600000, 0x0000000082600000|100%| O|  |TAMS 0x0000000082600000, 0x0000000082500000| Untracked 
|  38|0x0000000082600000, 0x0000000082700000, 0x0000000082700000|100%| O|  |TAMS 0x0000000082700000, 0x0000000082600000| Untracked 
|  39|0x0000000082700000, 0x0000000082800000, 0x0000000082800000|100%| O|  |TAMS 0x0000000082800000, 0x0000000082700000| Untracked 
|  40|0x0000000082800000, 0x0000000082900000, 0x0000000082900000|100%|HS|  |TAMS 0x0000000082900000, 0x0000000082800000| Complete 
|  41|0x0000000082900000, 0x0000000082a00000, 0x0000000082a00000|100%|HC|  |TAMS 0x0000000082a00000, 0x0000000082900000| Complete 
|  42|0x0000000082a00000, 0x0000000082b00000, 0x0000000082b00000|100%| O|  |TAMS 0x0000000082b00000, 0x0000000082a00000| Untracked 
|  43|0x0000000082b00000, 0x0000000082c00000, 0x0000000082c00000|100%| O|  |TAMS 0x0000000082c00000, 0x0000000082b00000| Untracked 
|  44|0x0000000082c00000, 0x0000000082d00000, 0x0000000082d00000|100%| O|  |TAMS 0x0000000082c62400, 0x0000000082c00000| Untracked 
|  45|0x0000000082d00000, 0x0000000082d00000, 0x0000000082e00000|  0%| F|  |TAMS 0x0000000082d00000, 0x0000000082d00000| Untracked 
|  46|0x0000000082e00000, 0x0000000082f00000, 0x0000000082f00000|100%| O|  |TAMS 0x0000000082f00000, 0x0000000082e00000| Untracked 
|  47|0x0000000082f00000, 0x0000000083000000, 0x0000000083000000|100%| O|  |TAMS 0x0000000083000000, 0x0000000082f00000| Untracked 
|  48|0x0000000083000000, 0x0000000083100000, 0x0000000083100000|100%| O|  |TAMS 0x0000000083100000, 0x0000000083000000| Untracked 
|  49|0x0000000083100000, 0x0000000083200000, 0x0000000083200000|100%|HS|  |TAMS 0x0000000083100000, 0x0000000083100000| Complete 
|  50|0x0000000083200000, 0x0000000083300000, 0x0000000083300000|100%|HC|  |TAMS 0x0000000083200000, 0x0000000083200000| Complete 
|  51|0x0000000083300000, 0x0000000083400000, 0x0000000083400000|100%| O|  |TAMS 0x0000000083300000, 0x0000000083300000| Untracked 
|  52|0x0000000083400000, 0x0000000083500000, 0x0000000083500000|100%| O|  |TAMS 0x0000000083500000, 0x0000000083400000| Untracked 
|  53|0x0000000083500000, 0x0000000083600000, 0x0000000083600000|100%| O|  |TAMS 0x0000000083600000, 0x0000000083500000| Untracked 
|  54|0x0000000083600000, 0x0000000083600000, 0x0000000083700000|  0%| F|  |TAMS 0x0000000083600000, 0x0000000083600000| Untracked 
|  55|0x0000000083700000, 0x0000000083700000, 0x0000000083800000|  0%| F|  |TAMS 0x0000000083700000, 0x0000000083700000| Untracked 
|  56|0x0000000083800000, 0x0000000083900000, 0x0000000083900000|100%| O|  |TAMS 0x0000000083800000, 0x0000000083800000| Untracked 
|  57|0x0000000083900000, 0x0000000083900000, 0x0000000083a00000|  0%| F|  |TAMS 0x0000000083900000, 0x0000000083900000| Untracked 
|  58|0x0000000083a00000, 0x0000000083b00000, 0x0000000083b00000|100%| O|  |TAMS 0x0000000083b00000, 0x0000000083a00000| Untracked 
|  59|0x0000000083b00000, 0x0000000083c00000, 0x0000000083c00000|100%| O|  |TAMS 0x0000000083c00000, 0x0000000083b00000| Untracked 
|  60|0x0000000083c00000, 0x0000000083d00000, 0x0000000083d00000|100%| O|  |TAMS 0x0000000083d00000, 0x0000000083c00000| Untracked 
|  61|0x0000000083d00000, 0x0000000083d00000, 0x0000000083e00000|  0%| F|  |TAMS 0x0000000083d00000, 0x0000000083d00000| Untracked 
|  62|0x0000000083e00000, 0x0000000083f00000, 0x0000000083f00000|100%| O|  |TAMS 0x0000000083f00000, 0x0000000083e00000| Untracked 
|  63|0x0000000083f00000, 0x0000000084000000, 0x0000000084000000|100%| O|  |TAMS 0x0000000083f00000, 0x0000000083f00000| Untracked 
|  64|0x0000000084000000, 0x0000000084100000, 0x0000000084100000|100%| O|  |TAMS 0x0000000084100000, 0x0000000084000000| Untracked 
|  65|0x0000000084100000, 0x0000000084200000, 0x0000000084200000|100%| O|  |TAMS 0x0000000084100000, 0x0000000084100000| Untracked 
|  66|0x0000000084200000, 0x0000000084300000, 0x0000000084300000|100%| O|  |TAMS 0x0000000084300000, 0x0000000084200000| Untracked 
|  67|0x0000000084300000, 0x0000000084400000, 0x0000000084400000|100%| O|  |TAMS 0x0000000084400000, 0x0000000084300000| Untracked 
|  68|0x0000000084400000, 0x0000000084400000, 0x0000000084500000|  0%| F|  |TAMS 0x0000000084400000, 0x0000000084400000| Untracked 
|  69|0x0000000084500000, 0x0000000084500000, 0x0000000084600000|  0%| F|  |TAMS 0x0000000084500000, 0x0000000084500000| Untracked 
|  70|0x0000000084600000, 0x0000000084700000, 0x0000000084700000|100%| O|  |TAMS 0x0000000084700000, 0x0000000084600000| Untracked 
|  71|0x0000000084700000, 0x0000000084800000, 0x0000000084800000|100%| O|  |TAMS 0x0000000084800000, 0x0000000084700000| Untracked 
|  72|0x0000000084800000, 0x0000000084900000, 0x0000000084900000|100%| O|  |TAMS 0x0000000084900000, 0x0000000084800000| Untracked 
|  73|0x0000000084900000, 0x0000000084a00000, 0x0000000084a00000|100%| O|  |TAMS 0x0000000084a00000, 0x0000000084900000| Untracked 
|  74|0x0000000084a00000, 0x0000000084b00000, 0x0000000084b00000|100%| O|  |TAMS 0x0000000084b00000, 0x0000000084a00000| Untracked 
|  75|0x0000000084b00000, 0x0000000084c00000, 0x0000000084c00000|100%| O|  |TAMS 0x0000000084c00000, 0x0000000084b00000| Untracked 
|  76|0x0000000084c00000, 0x0000000084d00000, 0x0000000084d00000|100%| O|  |TAMS 0x0000000084d00000, 0x0000000084c00000| Untracked 
|  77|0x0000000084d00000, 0x0000000084e00000, 0x0000000084e00000|100%| O|  |TAMS 0x0000000084e00000, 0x0000000084d00000| Untracked 
|  78|0x0000000084e00000, 0x0000000084f00000, 0x0000000084f00000|100%| O|  |TAMS 0x0000000084f00000, 0x0000000084e00000| Untracked 
|  79|0x0000000084f00000, 0x0000000085000000, 0x0000000085000000|100%| O|  |TAMS 0x0000000084f00000, 0x0000000084f00000| Untracked 
|  80|0x0000000085000000, 0x0000000085100000, 0x0000000085100000|100%| O|  |TAMS 0x0000000085000000, 0x0000000085000000| Untracked 
|  81|0x0000000085100000, 0x0000000085200000, 0x0000000085200000|100%| O|  |TAMS 0x0000000085100000, 0x0000000085100000| Untracked 
|  82|0x0000000085200000, 0x0000000085300000, 0x0000000085300000|100%| O|  |TAMS 0x0000000085300000, 0x0000000085200000| Untracked 
|  83|0x0000000085300000, 0x0000000085400000, 0x0000000085400000|100%| O|  |TAMS 0x0000000085300000, 0x0000000085300000| Untracked 
|  84|0x0000000085400000, 0x0000000085500000, 0x0000000085500000|100%| O|  |TAMS 0x0000000085500000, 0x0000000085400000| Untracked 
|  85|0x0000000085500000, 0x0000000085500000, 0x0000000085600000|  0%| F|  |TAMS 0x0000000085500000, 0x0000000085500000| Untracked 
|  86|0x0000000085600000, 0x0000000085700000, 0x0000000085700000|100%| O|  |TAMS 0x0000000085600000, 0x0000000085600000| Untracked 
|  87|0x0000000085700000, 0x0000000085700000, 0x0000000085800000|  0%| F|  |TAMS 0x0000000085700000, 0x0000000085700000| Untracked 
|  88|0x0000000085800000, 0x0000000085900000, 0x0000000085900000|100%| O|  |TAMS 0x0000000085800000, 0x0000000085800000| Untracked 
|  89|0x0000000085900000, 0x0000000085a00000, 0x0000000085a00000|100%| O|  |TAMS 0x0000000085a00000, 0x0000000085900000| Untracked 
|  90|0x0000000085a00000, 0x0000000085b00000, 0x0000000085b00000|100%| O|  |TAMS 0x0000000085b00000, 0x0000000085a00000| Untracked 
|  91|0x0000000085b00000, 0x0000000085b00000, 0x0000000085c00000|  0%| F|  |TAMS 0x0000000085b00000, 0x0000000085b00000| Untracked 
|  92|0x0000000085c00000, 0x0000000085d00000, 0x0000000085d00000|100%| O|  |TAMS 0x0000000085d00000, 0x0000000085c00000| Untracked 
|  93|0x0000000085d00000, 0x0000000085e00000, 0x0000000085e00000|100%| O|  |TAMS 0x0000000085e00000, 0x0000000085d00000| Untracked 
|  94|0x0000000085e00000, 0x0000000085f00000, 0x0000000085f00000|100%| O|  |TAMS 0x0000000085f00000, 0x0000000085e00000| Untracked 
|  95|0x0000000085f00000, 0x0000000086000000, 0x0000000086000000|100%| O|  |TAMS 0x0000000085f00000, 0x0000000085f00000| Untracked 
|  96|0x0000000086000000, 0x00000000860b7400, 0x0000000086100000| 71%| O|  |TAMS 0x0000000086000000, 0x0000000086000000| Untracked 
|  97|0x0000000086100000, 0x0000000086100000, 0x0000000086200000|  0%| F|  |TAMS 0x0000000086100000, 0x0000000086100000| Untracked 
|  98|0x0000000086200000, 0x0000000086200000, 0x0000000086300000|  0%| F|  |TAMS 0x0000000086200000, 0x0000000086200000| Untracked 
|  99|0x0000000086300000, 0x0000000086300000, 0x0000000086400000|  0%| F|  |TAMS 0x0000000086300000, 0x0000000086300000| Untracked 
| 100|0x0000000086400000, 0x0000000086400000, 0x0000000086500000|  0%| F|  |TAMS 0x0000000086400000, 0x0000000086400000| Untracked 
| 101|0x0000000086500000, 0x0000000086500000, 0x0000000086600000|  0%| F|  |TAMS 0x0000000086500000, 0x0000000086500000| Untracked 
| 102|0x0000000086600000, 0x0000000086600000, 0x0000000086700000|  0%| F|  |TAMS 0x0000000086600000, 0x0000000086600000| Untracked 
| 103|0x0000000086700000, 0x0000000086700000, 0x0000000086800000|  0%| F|  |TAMS 0x0000000086700000, 0x0000000086700000| Untracked 
| 104|0x0000000086800000, 0x0000000086800000, 0x0000000086900000|  0%| F|  |TAMS 0x0000000086800000, 0x0000000086800000| Untracked 
| 105|0x0000000086900000, 0x0000000086900000, 0x0000000086a00000|  0%| F|  |TAMS 0x0000000086900000, 0x0000000086900000| Untracked 
| 106|0x0000000086a00000, 0x0000000086a00000, 0x0000000086b00000|  0%| F|  |TAMS 0x0000000086a00000, 0x0000000086a00000| Untracked 
| 107|0x0000000086b00000, 0x0000000086b00000, 0x0000000086c00000|  0%| F|  |TAMS 0x0000000086b00000, 0x0000000086b00000| Untracked 
| 108|0x0000000086c00000, 0x0000000086c00000, 0x0000000086d00000|  0%| F|  |TAMS 0x0000000086c00000, 0x0000000086c00000| Untracked 
| 109|0x0000000086d00000, 0x0000000086d00000, 0x0000000086e00000|  0%| F|  |TAMS 0x0000000086d00000, 0x0000000086d00000| Untracked 
| 110|0x0000000086e00000, 0x0000000086e00000, 0x0000000086f00000|  0%| F|  |TAMS 0x0000000086e00000, 0x0000000086e00000| Untracked 
| 111|0x0000000086f00000, 0x0000000086f00000, 0x0000000087000000|  0%| F|  |TAMS 0x0000000086f00000, 0x0000000086f00000| Untracked 
| 112|0x0000000087000000, 0x0000000087000000, 0x0000000087100000|  0%| F|  |TAMS 0x0000000087000000, 0x0000000087000000| Untracked 
| 113|0x0000000087100000, 0x0000000087100000, 0x0000000087200000|  0%| F|  |TAMS 0x0000000087100000, 0x0000000087100000| Untracked 
| 114|0x0000000087200000, 0x0000000087200000, 0x0000000087300000|  0%| F|  |TAMS 0x0000000087200000, 0x0000000087200000| Untracked 
| 115|0x0000000087300000, 0x0000000087300000, 0x0000000087400000|  0%| F|  |TAMS 0x0000000087300000, 0x0000000087300000| Untracked 
| 116|0x0000000087400000, 0x0000000087400000, 0x0000000087500000|  0%| F|  |TAMS 0x0000000087400000, 0x0000000087400000| Untracked 
| 117|0x0000000087500000, 0x0000000087500000, 0x0000000087600000|  0%| F|  |TAMS 0x0000000087500000, 0x0000000087500000| Untracked 
| 118|0x0000000087600000, 0x0000000087600000, 0x0000000087700000|  0%| F|  |TAMS 0x0000000087600000, 0x0000000087600000| Untracked 
| 119|0x0000000087700000, 0x0000000087700000, 0x0000000087800000|  0%| F|  |TAMS 0x0000000087700000, 0x0000000087700000| Untracked 
| 120|0x0000000087800000, 0x0000000087800000, 0x0000000087900000|  0%| F|  |TAMS 0x0000000087800000, 0x0000000087800000| Untracked 
| 121|0x0000000087900000, 0x0000000087900000, 0x0000000087a00000|  0%| F|  |TAMS 0x0000000087900000, 0x0000000087900000| Untracked 
| 122|0x0000000087a00000, 0x0000000087a00000, 0x0000000087b00000|  0%| F|  |TAMS 0x0000000087a00000, 0x0000000087a00000| Untracked 
| 123|0x0000000087b00000, 0x0000000087b00000, 0x0000000087c00000|  0%| F|  |TAMS 0x0000000087b00000, 0x0000000087b00000| Untracked 
| 124|0x0000000087c00000, 0x0000000087c00000, 0x0000000087d00000|  0%| F|  |TAMS 0x0000000087c00000, 0x0000000087c00000| Untracked 
| 125|0x0000000087d00000, 0x0000000087d00000, 0x0000000087e00000|  0%| F|  |TAMS 0x0000000087d00000, 0x0000000087d00000| Untracked 
| 126|0x0000000087e00000, 0x0000000087e618b0, 0x0000000087f00000| 38%| E|  |TAMS 0x0000000087e00000, 0x0000000087e00000| Complete 
| 127|0x0000000087f00000, 0x0000000088000000, 0x0000000088000000|100%| E|CS|TAMS 0x0000000087f00000, 0x0000000087f00000| Complete 
| 128|0x0000000088000000, 0x0000000088100000, 0x0000000088100000|100%| E|CS|TAMS 0x0000000088000000, 0x0000000088000000| Complete 
| 129|0x0000000088100000, 0x0000000088200000, 0x0000000088200000|100%| E|CS|TAMS 0x0000000088100000, 0x0000000088100000| Complete 
| 130|0x0000000088200000, 0x0000000088300000, 0x0000000088300000|100%| E|CS|TAMS 0x0000000088200000, 0x0000000088200000| Complete 
| 131|0x0000000088300000, 0x0000000088400000, 0x0000000088400000|100%| E|CS|TAMS 0x0000000088300000, 0x0000000088300000| Complete 
| 132|0x0000000088400000, 0x0000000088500000, 0x0000000088500000|100%| E|  |TAMS 0x0000000088400000, 0x0000000088400000| Complete 
| 133|0x0000000088500000, 0x0000000088600000, 0x0000000088600000|100%| E|CS|TAMS 0x0000000088500000, 0x0000000088500000| Complete 
| 134|0x0000000088600000, 0x0000000088700000, 0x0000000088700000|100%| E|CS|TAMS 0x0000000088600000, 0x0000000088600000| Complete 
| 135|0x0000000088700000, 0x0000000088800000, 0x0000000088800000|100%| E|CS|TAMS 0x0000000088700000, 0x0000000088700000| Complete 
| 136|0x0000000088800000, 0x0000000088900000, 0x0000000088900000|100%| E|CS|TAMS 0x0000000088800000, 0x0000000088800000| Complete 
| 137|0x0000000088900000, 0x0000000088a00000, 0x0000000088a00000|100%| E|CS|TAMS 0x0000000088900000, 0x0000000088900000| Complete 
| 138|0x0000000088a00000, 0x0000000088b00000, 0x0000000088b00000|100%| E|CS|TAMS 0x0000000088a00000, 0x0000000088a00000| Complete 
| 139|0x0000000088b00000, 0x0000000088c00000, 0x0000000088c00000|100%| E|CS|TAMS 0x0000000088b00000, 0x0000000088b00000| Complete 
| 140|0x0000000088c00000, 0x0000000088d00000, 0x0000000088d00000|100%| S|CS|TAMS 0x0000000088c00000, 0x0000000088c00000| Complete 
| 141|0x0000000088d00000, 0x0000000088e00000, 0x0000000088e00000|100%| E|CS|TAMS 0x0000000088d00000, 0x0000000088d00000| Complete 
| 142|0x0000000088e00000, 0x0000000088f00000, 0x0000000088f00000|100%| E|CS|TAMS 0x0000000088e00000, 0x0000000088e00000| Complete 
| 143|0x0000000088f00000, 0x0000000089000000, 0x0000000089000000|100%| E|CS|TAMS 0x0000000088f00000, 0x0000000088f00000| Complete 

Card table byte_map: [0x0000018979420000,0x0000018979820000] _byte_map_base: 0x0000018979020000

Marking Bits (Prev, Next): (CMBitMap*) 0x0000018974f4bc40, (CMBitMap*) 0x0000018974f4bc08
 Prev Bits: [0x000001897bc20000, 0x000001897dc20000)
 Next Bits: [0x0000018979c20000, 0x000001897bc20000)

Polling page: 0x0000018973550000

Metaspace:

Usage:
  Non-class:     95.50 MB capacity,    93.66 MB ( 98%) used,     1.49 MB (  2%) free+waste,   360.88 KB ( <1%) overhead. 
      Class:     14.81 MB capacity,    13.74 MB ( 93%) used,   935.22 KB (  6%) free+waste,   157.50 KB (  1%) overhead. 
       Both:    110.31 MB capacity,   107.40 MB ( 97%) used,     2.40 MB (  2%) free+waste,   518.38 KB ( <1%) overhead. 

Virtual space:
  Non-class space:       96.00 MB reserved,      95.50 MB (>99%) committed 
      Class space:        1.00 GB reserved,      14.95 MB (  1%) committed 
             Both:        1.09 GB reserved,     110.45 MB ( 10%) committed 

Chunk freelists:
   Non-Class:  2.00 KB
       Class:  67.00 KB
        Both:  69.00 KB

MaxMetaspaceSize: 17179869184.00 GB
CompressedClassSpaceSize: 1.00 GB

CodeHeap 'non-profiled nmethods': size=120064Kb used=9209Kb max_used=9209Kb free=110854Kb
 bounds [0x0000018907ac0000, 0x00000189083c0000, 0x000001890f000000]
CodeHeap 'profiled nmethods': size=120000Kb used=37258Kb max_used=37258Kb free=82742Kb
 bounds [0x0000018900590000, 0x0000018902a00000, 0x0000018907ac0000]
CodeHeap 'non-nmethods': size=5696Kb used=2338Kb max_used=2385Kb free=3357Kb
 bounds [0x0000018900000000, 0x0000018900270000, 0x0000018900590000]
 total_blobs=18554 nmethods=17606 adapters=857
 compilation: enabled
              stopped_count=0, restarted_count=0
 full_count=0

Compilation events (20 events):
Event: 3982.710 Thread 0x000001890f2d1000 17930       2       org.gradle.internal.execution.steps.ValidateStep::execute (221 bytes)
Event: 3982.713 Thread 0x000001890f2d1000 nmethod 17930 0x00000189029d3610 code [0x00000189029d39c0, 0x00000189029d4768]
Event: 3982.713 Thread 0x000001890f2d1000 17927       2       jdk.internal.reflect.ReflectionFactory::packageEquals (66 bytes)
Event: 3982.714 Thread 0x000001890f2d1000 nmethod 17927 0x00000189029d5090 code [0x00000189029d52c0, 0x00000189029d5848]
Event: 3982.714 Thread 0x000001890f2d1000 17929       2       org.gradle.internal.time.TimeFormatting::formatDurationVerbose (83 bytes)
Event: 3982.715 Thread 0x000001890f2d1000 nmethod 17929 0x00000189029d5c10 code [0x00000189029d5e80, 0x00000189029d6378]
Event: 3982.715 Thread 0x000001890f2d1000 17932       3       java.io.ObjectOutputStream$BlockDataOutputStream::writeBytes (144 bytes)
Event: 3982.716 Thread 0x000001890f2d1000 nmethod 17932 0x00000189029d6690 code [0x00000189029d68a0, 0x00000189029d6f38]
Event: 3982.720 Thread 0x000001890f2d1000 17933   !   2       java.io.ObjectOutputStream::writeObject0 (619 bytes)
Event: 3982.724 Thread 0x000001890f2d1000 nmethod 17933 0x00000189029d7290 code [0x00000189029d76c0, 0x00000189029d8bd8]
Event: 3982.725 Thread 0x000001890f2d1000 17934   !   2       java.io.ObjectStreamClass::lookup (334 bytes)
Event: 3982.729 Thread 0x000001890f2d1000 nmethod 17934 0x00000189029d9f90 code [0x00000189029da300, 0x00000189029db8a8]
Event: 3982.730 Thread 0x000001890f2d1000 17935       2       org.gradle.api.internal.provider.ValidatingValueCollector::addAll (35 bytes)
Event: 3982.730 Thread 0x000001890f2d1000 nmethod 17935 0x00000189029dc190 code [0x00000189029dc380, 0x00000189029dc578]
Event: 3982.741 Thread 0x000001890f2d1000 17936       2       org.gradle.internal.execution.history.changes.DefaultIncrementalInputProperties$$Lambda$901/0x0000000100ac7840::apply (12 bytes)
Event: 3982.742 Thread 0x000001890f2d1000 nmethod 17936 0x00000189029dc690 code [0x00000189029dc840, 0x00000189029dc9c8]
Event: 3982.742 Thread 0x000001890f2d1000 17937       2       org.gradle.internal.execution.history.changes.DefaultIncrementalInputProperties$$Lambda$902/0x0000000100ac7c40::apply (12 bytes)
Event: 3982.742 Thread 0x000001890f2d1000 nmethod 17937 0x00000189029dcb10 code [0x00000189029dccc0, 0x00000189029dce48]
Event: 3982.742 Thread 0x000001890f2d1000 17938       2       org.gradle.internal.execution.history.changes.DefaultIncrementalInputProperties$$Lambda$903/0x0000000100ac7040::apply (12 bytes)
Event: 3982.742 Thread 0x000001890f2d1000 nmethod 17938 0x00000189029dcf90 code [0x00000189029dd140, 0x00000189029dd2c8]

GC Heap History (20 events):
Event: 3804.277 GC heap before
{Heap before GC invocations=49 (full 0):
 garbage-first heap   total 147456K, used 116632K [0x0000000080000000, 0x0000000100000000)
  region size 1024K, 37 young (37888K), 1 survivors (1024K)
 Metaspace       used 108635K, capacity 111540K, committed 112076K, reserved 1146880K
  class space    used 14001K, capacity 15057K, committed 15308K, reserved 1048576K
}
Event: 3804.298 GC heap after
{Heap after GC invocations=50 (full 0):
 garbage-first heap   total 147456K, used 83257K [0x0000000080000000, 0x0000000100000000)
  region size 1024K, 4 young (4096K), 4 survivors (4096K)
 Metaspace       used 108635K, capacity 111540K, committed 112076K, reserved 1146880K
  class space    used 14001K, capacity 15057K, committed 15308K, reserved 1048576K
}
Event: 3805.311 GC heap before
{Heap before GC invocations=51 (full 0):
 garbage-first heap   total 147456K, used 117049K [0x0000000080000000, 0x0000000100000000)
  region size 1024K, 38 young (38912K), 4 survivors (4096K)
 Metaspace       used 108875K, capacity 111666K, committed 112076K, reserved 1146880K
  class space    used 13999K, capacity 15054K, committed 15308K, reserved 1048576K
}
Event: 3805.330 GC heap after
{Heap after GC invocations=52 (full 0):
 garbage-first heap   total 147456K, used 90112K [0x0000000080000000, 0x0000000100000000)
  region size 1024K, 5 young (5120K), 5 survivors (5120K)
 Metaspace       used 108875K, capacity 111666K, committed 112076K, reserved 1146880K
  class space    used 13999K, capacity 15054K, committed 15308K, reserved 1048576K
}
Event: 3805.344 GC heap before
{Heap before GC invocations=52 (full 0):
 garbage-first heap   total 147456K, used 92160K [0x0000000080000000, 0x0000000100000000)
  region size 1024K, 7 young (7168K), 5 survivors (5120K)
 Metaspace       used 108879K, capacity 111666K, committed 112076K, reserved 1146880K
  class space    used 13999K, capacity 15054K, committed 15308K, reserved 1048576K
}
Event: 3805.379 GC heap after
{Heap after GC invocations=53 (full 0):
 garbage-first heap   total 147456K, used 86364K [0x0000000080000000, 0x0000000100000000)
  region size 1024K, 1 young (1024K), 1 survivors (1024K)
 Metaspace       used 108879K, capacity 111666K, committed 112076K, reserved 1146880K
  class space    used 13999K, capacity 15054K, committed 15308K, reserved 1048576K
}
Event: 3805.888 GC heap before
{Heap before GC invocations=53 (full 0):
 garbage-first heap   total 147456K, used 116060K [0x0000000080000000, 0x0000000100000000)
  region size 1024K, 31 young (31744K), 1 survivors (1024K)
 Metaspace       used 109191K, capacity 112021K, committed 112332K, reserved 1146880K
  class space    used 14000K, capacity 15056K, committed 15308K, reserved 1048576K
}
Event: 3805.910 GC heap after
{Heap after GC invocations=54 (full 0):
 garbage-first heap   total 147456K, used 91648K [0x0000000080000000, 0x0000000100000000)
  region size 1024K, 4 young (4096K), 4 survivors (4096K)
 Metaspace       used 109191K, capacity 112021K, committed 112332K, reserved 1146880K
  class space    used 14000K, capacity 15056K, committed 15308K, reserved 1048576K
}
Event: 3981.169 GC heap before
{Heap before GC invocations=55 (full 0):
 garbage-first heap   total 147456K, used 124416K [0x0000000080000000, 0x0000000100000000)
  region size 1024K, 31 young (31744K), 4 survivors (4096K)
 Metaspace       used 109383K, capacity 112217K, committed 112588K, reserved 1146880K
  class space    used 14014K, capacity 15080K, committed 15308K, reserved 1048576K
}
Event: 3981.187 GC heap after
{Heap after GC invocations=56 (full 0):
 garbage-first heap   total 147456K, used 94342K [0x0000000080000000, 0x0000000100000000)
  region size 1024K, 3 young (3072K), 3 survivors (3072K)
 Metaspace       used 109383K, capacity 112217K, committed 112588K, reserved 1146880K
  class space    used 14014K, capacity 15080K, committed 15308K, reserved 1048576K
}
Event: 3981.292 GC heap before
{Heap before GC invocations=56 (full 0):
 garbage-first heap   total 147456K, used 98438K [0x0000000080000000, 0x0000000100000000)
  region size 1024K, 7 young (7168K), 3 survivors (3072K)
 Metaspace       used 109511K, capacity 112455K, committed 112844K, reserved 1146880K
  class space    used 14030K, capacity 15109K, committed 15308K, reserved 1048576K
}
Event: 3981.328 GC heap after
{Heap after GC invocations=57 (full 0):
 garbage-first heap   total 147456K, used 86514K [0x0000000080000000, 0x0000000100000000)
  region size 1024K, 1 young (1024K), 1 survivors (1024K)
 Metaspace       used 109511K, capacity 112455K, committed 112844K, reserved 1146880K
  class space    used 14030K, capacity 15109K, committed 15308K, reserved 1048576K
}
Event: 3981.650 GC heap before
{Heap before GC invocations=57 (full 0):
 garbage-first heap   total 147456K, used 91634K [0x0000000080000000, 0x0000000100000000)
  region size 1024K, 7 young (7168K), 1 survivors (1024K)
 Metaspace       used 109540K, capacity 112527K, committed 112844K, reserved 1146880K
  class space    used 14030K, capacity 15110K, committed 15308K, reserved 1048576K
}
Event: 3981.689 GC heap after
{Heap after GC invocations=58 (full 0):
 garbage-first heap   total 147456K, used 86076K [0x0000000080000000, 0x0000000100000000)
  region size 1024K, 1 young (1024K), 1 survivors (1024K)
 Metaspace       used 109540K, capacity 112527K, committed 112844K, reserved 1146880K
  class space    used 14030K, capacity 15110K, committed 15308K, reserved 1048576K
}
Event: 3981.983 GC heap before
{Heap before GC invocations=58 (full 0):
 garbage-first heap   total 147456K, used 95292K [0x0000000080000000, 0x0000000100000000)
  region size 1024K, 12 young (12288K), 1 survivors (1024K)
 Metaspace       used 109595K, capacity 112531K, committed 112844K, reserved 1146880K
  class space    used 14031K, capacity 15111K, committed 15308K, reserved 1048576K
}
Event: 3981.991 GC heap after
{Heap after GC invocations=59 (full 0):
 garbage-first heap   total 147456K, used 87470K [0x0000000080000000, 0x0000000100000000)
  region size 1024K, 3 young (3072K), 3 survivors (3072K)
 Metaspace       used 109595K, capacity 112531K, committed 112844K, reserved 1146880K
  class space    used 14031K, capacity 15111K, committed 15308K, reserved 1048576K
}
Event: 3982.454 GC heap before
{Heap before GC invocations=60 (full 0):
 garbage-first heap   total 147456K, used 114094K [0x0000000080000000, 0x0000000100000000)
  region size 1024K, 28 young (28672K), 3 survivors (3072K)
 Metaspace       used 109614K, capacity 112531K, committed 112844K, reserved 1146880K
  class space    used 14031K, capacity 15111K, committed 15308K, reserved 1048576K
}
Event: 3982.474 GC heap after
{Heap after GC invocations=61 (full 0):
 garbage-first heap   total 147456K, used 95384K [0x0000000080000000, 0x0000000100000000)
  region size 1024K, 4 young (4096K), 4 survivors (4096K)
 Metaspace       used 109614K, capacity 112531K, committed 112844K, reserved 1146880K
  class space    used 14031K, capacity 15111K, committed 15308K, reserved 1048576K
}
Event: 3982.523 GC heap before
{Heap before GC invocations=61 (full 0):
 garbage-first heap   total 147456K, used 98456K [0x0000000080000000, 0x0000000100000000)
  region size 1024K, 7 young (7168K), 4 survivors (4096K)
 Metaspace       used 109636K, capacity 112597K, committed 112844K, reserved 1146880K
  class space    used 14031K, capacity 15111K, committed 15308K, reserved 1048576K
}
Event: 3982.570 GC heap after
{Heap after GC invocations=62 (full 0):
 garbage-first heap   total 147456K, used 86749K [0x0000000080000000, 0x0000000100000000)
  region size 1024K, 1 young (1024K), 1 survivors (1024K)
 Metaspace       used 109636K, capacity 112597K, committed 112844K, reserved 1146880K
  class space    used 14031K, capacity 15111K, committed 15308K, reserved 1048576K
}

Deoptimization events (20 events):
Event: 3982.634 Thread 0x0000018912630000 Uncommon trap: trap_request=0xffffff4d fr.pc=0x000001890818ef40 relative=0x0000000000003400
Event: 3982.634 Thread 0x0000018912630000 Uncommon trap: reason=unstable_if action=reinterpret pc=0x000001890818ef40 method=org.gradle.internal.logging.sink.LogEventDispatcher.onOutput(Lorg/gradle/internal/logging/events/OutputEvent;)V @ 35 c2
Event: 3982.634 Thread 0x0000018912630000 DEOPT PACKING pc=0x000001890818ef40 sp=0x00000028123f4a50
Event: 3982.634 Thread 0x0000018912630000 DEOPT UNPACKING pc=0x00000189000278af sp=0x00000028123f4a20 mode 2
Event: 3982.634 Thread 0x0000018912630000 Uncommon trap: trap_request=0xffffff4d fr.pc=0x00000189081bddf8 relative=0x0000000000000698
Event: 3982.634 Thread 0x0000018912630000 Uncommon trap: reason=unstable_if action=reinterpret pc=0x00000189081bddf8 method=org.gradle.internal.logging.sink.OutputEventRenderer$3.onOutput(Lorg/gradle/internal/logging/events/OutputEvent;)V @ 37 c2
Event: 3982.634 Thread 0x0000018912630000 DEOPT PACKING pc=0x00000189081bddf8 sp=0x00000028123f4ad0
Event: 3982.634 Thread 0x0000018912630000 DEOPT UNPACKING pc=0x00000189000278af sp=0x00000028123f4938 mode 2
Event: 3982.707 Thread 0x0000018912633000 Uncommon trap: trap_request=0xfffffff4 fr.pc=0x0000018908337040 relative=0x00000000000019e0
Event: 3982.707 Thread 0x0000018912633000 Uncommon trap: reason=null_check action=make_not_entrant pc=0x0000018908337040 method=java.io.ObjectStreamClass.lookup(Ljava/lang/Class;Z)Ljava/io/ObjectStreamClass; @ 45 c2
Event: 3982.707 Thread 0x0000018912633000 DEOPT PACKING pc=0x0000018908337040 sp=0x00000028127fe540
Event: 3982.707 Thread 0x0000018912633000 DEOPT UNPACKING pc=0x00000189000278af sp=0x00000028127fe510 mode 2
Event: 3982.714 Thread 0x0000018912633000 Uncommon trap: trap_request=0xffffff4d fr.pc=0x000001890835bbac relative=0x00000000000064ac
Event: 3982.714 Thread 0x0000018912633000 Uncommon trap: reason=unstable_if action=reinterpret pc=0x000001890835bbac method=java.io.ObjectOutputStream$BlockDataOutputStream.writeBytes(Ljava/lang/String;)V @ 22 c2
Event: 3982.714 Thread 0x0000018912633000 DEOPT PACKING pc=0x000001890835bbac sp=0x00000028127fdbe0
Event: 3982.714 Thread 0x0000018912633000 DEOPT UNPACKING pc=0x00000189000278af sp=0x00000028127fda68 mode 2
Event: 3982.715 Thread 0x0000018912633000 Uncommon trap: trap_request=0xffffff4d fr.pc=0x0000018907facaac relative=0x000000000000046c
Event: 3982.715 Thread 0x0000018912633000 Uncommon trap: reason=unstable_if action=reinterpret pc=0x0000018907facaac method=java.io.ObjectOutputStream$BlockDataOutputStream.writeBytes(Ljava/lang/String;)V @ 22 c2
Event: 3982.715 Thread 0x0000018912633000 DEOPT PACKING pc=0x0000018907facaac sp=0x00000028127fda60
Event: 3982.715 Thread 0x0000018912633000 DEOPT UNPACKING pc=0x00000189000278af sp=0x00000028127fd9e8 mode 2

Classes redefined (0 events):
No events

Internal exceptions (20 events):
Event: 3982.511 Thread 0x0000018912630000 Exception <a 'sun/nio/fs/WindowsException'{0x0000000088d3cf40}> (0x0000000088d3cf40) thrown at [./src/hotspot/share/prims/jni.cpp, line 615]
Event: 3982.511 Thread 0x0000018912630000 Exception <a 'sun/nio/fs/WindowsException'{0x0000000088d3d0b0}> (0x0000000088d3d0b0) thrown at [./src/hotspot/share/prims/jni.cpp, line 615]
Event: 3982.581 Thread 0x0000018912630000 Exception <a 'sun/nio/fs/WindowsException'{0x0000000088e20620}> (0x0000000088e20620) thrown at [./src/hotspot/share/prims/jni.cpp, line 615]
Event: 3982.590 Thread 0x0000018912630000 Exception <a 'sun/nio/fs/WindowsException'{0x0000000088e2a8b8}> (0x0000000088e2a8b8) thrown at [./src/hotspot/share/prims/jni.cpp, line 615]
Event: 3982.603 Thread 0x0000018912630000 Exception <a 'sun/nio/fs/WindowsException'{0x0000000088eb75d8}> (0x0000000088eb75d8) thrown at [./src/hotspot/share/prims/jni.cpp, line 615]
Event: 3982.603 Thread 0x0000018912630000 Exception <a 'sun/nio/fs/WindowsException'{0x0000000088eb7768}> (0x0000000088eb7768) thrown at [./src/hotspot/share/prims/jni.cpp, line 615]
Event: 3982.607 Thread 0x0000018912630000 Exception <a 'sun/nio/fs/WindowsException'{0x0000000088d0e228}> (0x0000000088d0e228) thrown at [./src/hotspot/share/prims/jni.cpp, line 615]
Event: 3982.607 Thread 0x0000018912630000 Exception <a 'sun/nio/fs/WindowsException'{0x0000000088d0e398}> (0x0000000088d0e398) thrown at [./src/hotspot/share/prims/jni.cpp, line 615]
Event: 3982.608 Thread 0x0000018912630000 Exception <a 'sun/nio/fs/WindowsException'{0x0000000088d2e6b0}> (0x0000000088d2e6b0) thrown at [./src/hotspot/share/prims/jni.cpp, line 615]
Event: 3982.608 Thread 0x0000018912630000 Exception <a 'sun/nio/fs/WindowsException'{0x0000000088d2e840}> (0x0000000088d2e840) thrown at [./src/hotspot/share/prims/jni.cpp, line 615]
Event: 3982.611 Thread 0x0000018912630000 Exception <a 'sun/nio/fs/WindowsException'{0x0000000088d432f8}> (0x0000000088d432f8) thrown at [./src/hotspot/share/prims/jni.cpp, line 615]
Event: 3982.611 Thread 0x0000018912630000 Exception <a 'sun/nio/fs/WindowsException'{0x0000000088d43480}> (0x0000000088d43480) thrown at [./src/hotspot/share/prims/jni.cpp, line 615]
Event: 3982.612 Thread 0x0000018912630000 Exception <a 'sun/nio/fs/WindowsException'{0x0000000088d6a0b0}> (0x0000000088d6a0b0) thrown at [./src/hotspot/share/prims/jni.cpp, line 615]
Event: 3982.612 Thread 0x0000018912630000 Exception <a 'sun/nio/fs/WindowsException'{0x0000000088d6a238}> (0x0000000088d6a238) thrown at [./src/hotspot/share/prims/jni.cpp, line 615]
Event: 3982.641 Thread 0x0000018912630000 Exception <a 'sun/nio/fs/WindowsException'{0x0000000088b8b510}> (0x0000000088b8b510) thrown at [./src/hotspot/share/prims/jni.cpp, line 615]
Event: 3982.642 Thread 0x0000018912630000 Exception <a 'sun/nio/fs/WindowsException'{0x0000000088b8b680}> (0x0000000088b8b680) thrown at [./src/hotspot/share/prims/jni.cpp, line 615]
Event: 3982.685 Thread 0x0000018912630000 Exception <a 'java/lang/reflect/InvocationTargetException'{0x0000000088a4d2c8}> (0x0000000088a4d2c8) thrown at [./src/hotspot/share/runtime/reflection.cpp, line 1247]
Event: 3982.707 Thread 0x0000018912633000 Implicit null exception at 0x00000189083357f4 to 0x000001890833702f
Event: 3982.708 Thread 0x0000018912633000 Exception <a 'java/lang/NoSuchMethodError'{0x0000000088700da8}: <clinit>> (0x0000000088700da8) thrown at [./src/hotspot/share/prims/jni.cpp, line 1362]
Event: 3982.714 Thread 0x0000018912633000 Exception <a 'java/lang/NoSuchMethodError'{0x00000000887205a0}: <clinit>> (0x00000000887205a0) thrown at [./src/hotspot/share/prims/jni.cpp, line 1362]

Events (20 events):
Event: 3982.697 loading class org/gradle/tooling/internal/protocol/InternalFailure
Event: 3982.697 loading class org/gradle/tooling/internal/protocol/InternalFailure done
Event: 3982.698 loading class java/lang/Throwable$WrappedPrintWriter
Event: 3982.698 loading class java/lang/Throwable$PrintStreamOrWriter
Event: 3982.698 loading class java/lang/Throwable$PrintStreamOrWriter done
Event: 3982.698 loading class java/lang/Throwable$WrappedPrintWriter done
Event: 3982.705 loading class org/gradle/execution/plan/DefaultExecutionPlan
Event: 3982.705 loading class org/gradle/execution/plan/DefaultExecutionPlan done
Event: 3982.706 loading class org/gradle/tooling/events/task/internal/DefaultTaskFailureResult
Event: 3982.706 loading class org/gradle/tooling/events/task/internal/DefaultTaskFailureResult done
Event: 3982.707 loading class org/gradle/tooling/events/task/TaskFailureResult
Event: 3982.707 loading class org/gradle/tooling/events/task/TaskFailureResult done
Event: 3982.707 loading class org/gradle/tooling/events/FailureResult
Event: 3982.707 loading class org/gradle/tooling/events/FailureResult done
Event: 3982.707 loading class org/gradle/tooling/events/internal/DefaultOperationFailureResult
Event: 3982.707 loading class org/gradle/tooling/events/internal/DefaultOperationFailureResult done
Event: 3982.708 loading class org/gradle/tooling/internal/consumer/DefaultFailure
Event: 3982.708 loading class org/gradle/tooling/internal/consumer/DefaultFailure done
Event: 3982.738 Executing VM operation: RevokeBias
Event: 3982.738 Executing VM operation: RevokeBias done


Dynamic libraries:
0x00007ff72b5e0000 - 0x00007ff72b5ea000 	C:\Program Files\Android\Android Studio1\jre\bin\java.exe
0x00007ffdeb310000 - 0x00007ffdeb505000 	C:\WINDOWS\SYSTEM32\ntdll.dll
0x00007ffde9650000 - 0x00007ffde970e000 	C:\WINDOWS\System32\KERNEL32.DLL
0x00007ffde9090000 - 0x00007ffde9358000 	C:\WINDOWS\System32\KERNELBASE.dll
0x00007ffde8ba0000 - 0x00007ffde8ca0000 	C:\WINDOWS\System32\ucrtbase.dll
0x00007ffde46e0000 - 0x00007ffde46f7000 	C:\Program Files\Android\Android Studio1\jre\bin\VCRUNTIME140.dll
0x00007ffdd2d30000 - 0x00007ffdd2d49000 	C:\Program Files\Android\Android Studio1\jre\bin\jli.dll
0x00007ffde9b50000 - 0x00007ffde9cf1000 	C:\WINDOWS\System32\USER32.dll
0x00007ffde9010000 - 0x00007ffde9032000 	C:\WINDOWS\System32\win32u.dll
0x00007ffddffc0000 - 0x00007ffde025a000 	C:\WINDOWS\WinSxS\amd64_microsoft.windows.common-controls_6595b64144ccf1df_6.0.19041.1110_none_60b5254171f9507e\COMCTL32.dll
0x00007ffdea440000 - 0x00007ffdea46b000 	C:\WINDOWS\System32\GDI32.dll
0x00007ffde8a90000 - 0x00007ffde8b9b000 	C:\WINDOWS\System32\gdi32full.dll
0x00007ffde8d30000 - 0x00007ffde8dcd000 	C:\WINDOWS\System32\msvcp_win.dll
0x00007ffdea470000 - 0x00007ffdea50e000 	C:\WINDOWS\System32\msvcrt.dll
0x00007ffdeb280000 - 0x00007ffdeb2b0000 	C:\WINDOWS\System32\IMM32.DLL
0x00007ffdc62e0000 - 0x00007ffdc637d000 	C:\Program Files\Android\Android Studio1\jre\bin\msvcp140.dll
0x00007ffda9fb0000 - 0x00007ffdaaa7f000 	C:\Program Files\Android\Android Studio1\jre\bin\server\jvm.dll
0x00007ffdea820000 - 0x00007ffdea8cc000 	C:\WINDOWS\System32\ADVAPI32.dll
0x00007ffde9ab0000 - 0x00007ffde9b4b000 	C:\WINDOWS\System32\sechost.dll
0x00007ffde98c0000 - 0x00007ffde99ea000 	C:\WINDOWS\System32\RPCRT4.dll
0x00007ffde9aa0000 - 0x00007ffde9aa8000 	C:\WINDOWS\System32\PSAPI.DLL
0x00007ffddfbe0000 - 0x00007ffddfc07000 	C:\WINDOWS\SYSTEM32\WINMM.dll
0x00007ffde6280000 - 0x00007ffde6289000 	C:\WINDOWS\SYSTEM32\WSOCK32.dll
0x00007ffde0400000 - 0x00007ffde040a000 	C:\WINDOWS\SYSTEM32\VERSION.dll
0x00007ffdea6a0000 - 0x00007ffdea70b000 	C:\WINDOWS\System32\WS2_32.dll
0x00007ffde6850000 - 0x00007ffde6862000 	C:\WINDOWS\SYSTEM32\kernel.appcore.dll
0x00007ffdd9660000 - 0x00007ffdd9671000 	C:\Program Files\Android\Android Studio1\jre\bin\verify.dll
0x00007ffddf6b0000 - 0x00007ffddf894000 	C:\WINDOWS\SYSTEM32\DBGHELP.DLL
0x00007ffde2af0000 - 0x00007ffde2b1c000 	C:\WINDOWS\SYSTEM32\dbgcore.DLL
0x00007ffde8ca0000 - 0x00007ffde8d23000 	C:\WINDOWS\System32\bcryptPrimitives.dll
0x00007ffdd4450000 - 0x00007ffdd4479000 	C:\Program Files\Android\Android Studio1\jre\bin\java.dll
0x00007ffde4660000 - 0x00007ffde466b000 	C:\Program Files\Android\Android Studio1\jre\bin\jimage.dll
0x00007ffdd2c70000 - 0x00007ffdd2c88000 	C:\Program Files\Android\Android Studio1\jre\bin\zip.dll
0x00007ffde9d00000 - 0x00007ffdea43f000 	C:\WINDOWS\System32\SHELL32.dll
0x00007ffde6b30000 - 0x00007ffde72c0000 	C:\WINDOWS\SYSTEM32\windows.storage.dll
0x00007ffdea8d0000 - 0x00007ffdeac25000 	C:\WINDOWS\System32\combase.dll
0x00007ffde83b0000 - 0x00007ffde83de000 	C:\WINDOWS\SYSTEM32\Wldp.dll
0x00007ffde99f0000 - 0x00007ffde9a9d000 	C:\WINDOWS\System32\SHCORE.dll
0x00007ffdeac30000 - 0x00007ffdeac85000 	C:\WINDOWS\System32\shlwapi.dll
0x00007ffde8970000 - 0x00007ffde898f000 	C:\WINDOWS\SYSTEM32\profapi.dll
0x00007ffdd2ac0000 - 0x00007ffdd2ada000 	C:\Program Files\Android\Android Studio1\jre\bin\net.dll
0x00007ffddf9e0000 - 0x00007ffddfaec000 	C:\WINDOWS\SYSTEM32\WINHTTP.dll
0x00007ffde8110000 - 0x00007ffde817a000 	C:\WINDOWS\system32\mswsock.dll
0x00007ffdcb880000 - 0x00007ffdcb894000 	C:\Program Files\Android\Android Studio1\jre\bin\nio.dll
0x00007ffdc1c20000 - 0x00007ffdc1c47000 	C:\Users\ROY\.gradle\native\8bec1ad78214c89d9ad589b4d07fe93259594b29d510b10fafb7a158f7737e5d\windows-amd64\native-platform.dll
0x00007ffda9e70000 - 0x00007ffda9fad000 	C:\Users\ROY\.gradle\native\53dbd7edfb1c66fb8903c78663c9afc45aea4f116125fa6feffd364cf09443e8\windows-amd64\native-platform-file-events.dll
0x00007ffde4300000 - 0x00007ffde430a000 	C:\Program Files\Android\Android Studio1\jre\bin\management.dll
0x00007ffdd95c0000 - 0x00007ffdd95cc000 	C:\Program Files\Android\Android Studio1\jre\bin\management_ext.dll
0x00007ffde8310000 - 0x00007ffde8328000 	C:\WINDOWS\SYSTEM32\CRYPTSP.dll
0x00007ffde7a90000 - 0x00007ffde7ac4000 	C:\WINDOWS\system32\rsaenh.dll
0x00007ffde8fe0000 - 0x00007ffde9007000 	C:\WINDOWS\System32\bcrypt.dll
0x00007ffde88c0000 - 0x00007ffde88ee000 	C:\WINDOWS\SYSTEM32\USERENV.dll
0x00007ffde8300000 - 0x00007ffde830c000 	C:\WINDOWS\SYSTEM32\CRYPTBASE.dll
0x00007ffde7e00000 - 0x00007ffde7e3b000 	C:\WINDOWS\SYSTEM32\IPHLPAPI.DLL
0x00007ffde9640000 - 0x00007ffde9648000 	C:\WINDOWS\System32\NSI.dll
0x00007ffde17b0000 - 0x00007ffde17c7000 	C:\WINDOWS\SYSTEM32\dhcpcsvc6.DLL
0x00007ffde2230000 - 0x00007ffde224d000 	C:\WINDOWS\SYSTEM32\dhcpcsvc.DLL
0x00007ffde7e40000 - 0x00007ffde7f0b000 	C:\WINDOWS\SYSTEM32\DNSAPI.dll

dbghelp: loaded successfully - version: 4.0.5 - missing functions: none
symbol engine: initialized successfully - sym options: 0x614 - pdb path: .;C:\Program Files\Android\Android Studio1\jre\bin;C:\WINDOWS\SYSTEM32;C:\WINDOWS\WinSxS\amd64_microsoft.windows.common-controls_6595b64144ccf1df_6.0.19041.1110_none_60b5254171f9507e;C:\Program Files\Android\Android Studio1\jre\bin\server;C:\Users\ROY\.gradle\native\8bec1ad78214c89d9ad589b4d07fe93259594b29d510b10fafb7a158f7737e5d\windows-amd64;C:\Users\ROY\.gradle\native\53dbd7edfb1c66fb8903c78663c9afc45aea4f116125fa6feffd364cf09443e8\windows-amd64

VM Arguments:
jvm_args: --add-opens=java.base/java.util=ALL-UNNAMED --add-opens=java.base/java.lang=ALL-UNNAMED --add-opens=java.base/java.lang.invoke=ALL-UNNAMED --add-opens=java.base/java.util=ALL-UNNAMED --add-opens=java.prefs/java.util.prefs=ALL-UNNAMED --add-opens=java.prefs/java.util.prefs=ALL-UNNAMED --add-opens=java.base/java.nio.charset=ALL-UNNAMED --add-opens=java.base/java.net=ALL-UNNAMED --add-opens=java.base/java.util.concurrent.atomic=ALL-UNNAMED -Xmx2048m -Dfile.encoding=UTF-8 -Duser.country=IN -Duser.language=en -Duser.variant 
java_command: org.gradle.launcher.daemon.bootstrap.GradleDaemon 7.0.2
java_class_path (initial): C:\Users\ROY\.gradle\wrapper\dists\gradle-7.0.2-bin\857tjihv64xamwrf0h14cai3r\gradle-7.0.2\lib\gradle-launcher-7.0.2.jar
Launcher Type: SUN_STANDARD

[Global flags]
     intx CICompilerCount                          = 3                                         {product} {ergonomic}
     uint ConcGCThreads                            = 1                                         {product} {ergonomic}
     uint G1ConcRefinementThreads                  = 4                                         {product} {ergonomic}
   size_t G1HeapRegionSize                         = 1048576                                   {product} {ergonomic}
    uintx GCDrainStackTargetSize                   = 64                                        {product} {ergonomic}
   size_t InitialHeapSize                          = 125829120                                 {product} {ergonomic}
   size_t MarkStackSize                            = 4194304                                   {product} {ergonomic}
   size_t MaxHeapSize                              = 2147483648                                {product} {command line}
   size_t MaxNewSize                               = 1287651328                                {product} {ergonomic}
   size_t MinHeapDeltaBytes                        = 1048576                                   {product} {ergonomic}
    uintx NonNMethodCodeHeapSize                   = 5830732                                {pd product} {ergonomic}
    uintx NonProfiledCodeHeapSize                  = 122913754                              {pd product} {ergonomic}
    uintx ProfiledCodeHeapSize                     = 122913754                              {pd product} {ergonomic}
    uintx ReservedCodeCacheSize                    = 251658240                              {pd product} {ergonomic}
     bool SegmentedCodeCache                       = true                                      {product} {ergonomic}
     bool UseCompressedClassPointers               = true                                 {lp64_product} {ergonomic}
     bool UseCompressedOops                        = true                                 {lp64_product} {ergonomic}
     bool UseG1GC                                  = true                                      {product} {ergonomic}
     bool UseLargePagesIndividualAllocation        = false                                  {pd product} {ergonomic}

Logging:
Log output configuration:
 #0: stdout all=warning uptime,level,tags
 #1: stderr all=off uptime,level,tags

Environment Variables:
PATH=C:\Program Files\Common Files\Oracle\Java\javapath;C:\WINDOWS\system32;C:\WINDOWS;C:\WINDOWS\System32\Wbem;C:\WINDOWS\System32\WindowsPowerShell\v1.0\;C:\WINDOWS\System32\OpenSSH\;C:\Program Files\Git\cmd;C:\Users\ROY\AppData\Local\Programs\Python\Python310\Scripts\;C:\Users\ROY\AppData\Local\Programs\Python\Python310\;C:\Users\ROY\AppData\Local\Microsoft\WindowsApps;
USERNAME=ROY
OS=Windows_NT
PROCESSOR_IDENTIFIER=Intel64 Family 6 Model 61 Stepping 4, GenuineIntel



---------------  S Y S T E M  ---------------

OS: Windows 10 , 64 bit Build 19041 (10.0.19041.1348)
OS uptime: 3 days 8:47 hours

CPU:total 4 (initial active 4) (2 cores per cpu, 2 threads per core) family 6 model 61 stepping 4 microcode 0x2d, cmov, cx8, fxsr, mmx, sse, sse2, sse3, ssse3, sse4.1, sse4.2, popcnt, avx, avx2, aes, clmul, erms, 3dnowpref, lzcnt, ht, tsc, tscinvbit, bmi1, bmi2, adx, fma

Memory: 4k page, system-wide physical 7603M (145M free)
TotalPageFile size 7603M (AvailPageFile size 6M)
current process WorkingSet (physical memory assigned to process): 431M, peak: 444M
current process commit charge ("private bytes"): 456M, peak: 470M

vm_info: OpenJDK 64-Bit Server VM (11.0.10+0-b96-7249189) for windows-amd64 JRE (11.0.10+0-b96-7249189), built on Mar 31 2021 21:44:00 by "builder" with MS VC++ 14.0 (VS2015)

END.
