#
# There is insufficient memory for the Java Runtime Environment to continue.
# Native memory allocation (malloc) failed to allocate 1231056 bytes for Chunk::new
# Possible reasons:
#   The system is out of physical RAM or swap space
#   The process is running with CompressedOops enabled, and the Java Heap may be blocking the growth of the native heap
# Possible solutions:
#   Reduce memory load on the system
#   Increase physical memory or swap space
#   Check if swap backing store is full
#   Decrease Java heap size (-Xmx/-Xms)
#   Decrease number of Java threads
#   Decrease Java thread stack sizes (-Xss)
#   Set larger code cache with -XX:ReservedCodeCacheSize=
#   JVM is running with Unscaled Compressed Oops mode in which the Java heap is
#     placed in the first 4GB address space. The Java Heap base address is the
#     maximum limit for the native heap growth. Please use -XX:HeapBaseMinAddress
#     to set the Java Heap base and to place the Java Heap above 4GB virtual address.
# This output file may be truncated or incomplete.
#
#  Out of Memory Error (./src/hotspot/share/memory/arena.cpp:197), pid=5484, tid=5976
#
# JRE version: OpenJDK Runtime Environment (11.0.10) (build 11.0.10+0-b96-7249189)
# Java VM: OpenJDK 64-Bit Server VM (11.0.10+0-b96-7249189, mixed mode, tiered, compressed oops, g1 gc, windows-amd64)
# No core dump will be written. Minidumps are not enabled by default on client versions of Windows
#

---------------  S U M M A R Y ------------

Command Line: --add-opens=java.base/java.util=ALL-UNNAMED --add-opens=java.base/java.lang=ALL-UNNAMED --add-opens=java.base/java.lang.invoke=ALL-UNNAMED --add-opens=java.base/java.util=ALL-UNNAMED --add-opens=java.prefs/java.util.prefs=ALL-UNNAMED --add-opens=java.prefs/java.util.prefs=ALL-UNNAMED --add-opens=java.base/java.nio.charset=ALL-UNNAMED --add-opens=java.base/java.net=ALL-UNNAMED --add-opens=java.base/java.util.concurrent.atomic=ALL-UNNAMED -Xmx2048m -Dfile.encoding=UTF-8 -Duser.country=IN -Duser.language=en -Duser.variant org.gradle.launcher.daemon.bootstrap.GradleDaemon 7.0.2

Host: Intel(R) Core(TM) i5-5200U CPU @ 2.20GHz, 4 cores, 7G,  Windows 10 , 64 bit Build 19041 (10.0.19041.1348)
Time: Tue Nov 30 05:16:34 2021 India Standard Time elapsed time: 4573.183820 seconds (0d 1h 16m 13s)

---------------  T H R E A D  ---------------

Current thread (0x00000149cd5a1800):  JavaThread "C2 CompilerThread0" daemon [_thread_in_native, id=5976, stack(0x0000004960200000,0x0000004960300000)]


Current CompileTask:
C2:4573183 20426       4       com.android.tools.r8.internal.X4::a (1165 bytes)

Stack: [0x0000004960200000,0x0000004960300000]
Native frames: (J=compiled Java code, j=interpreted, Vv=VM code, C=native code)
V  [jvm.dll+0x5ecfaa]
V  [jvm.dll+0x722bd5]
V  [jvm.dll+0x72412d]
V  [jvm.dll+0x7247e3]
V  [jvm.dll+0x242928]
V  [jvm.dll+0xbc4fc]
V  [jvm.dll+0xbca0c]
V  [jvm.dll+0x352d3b]
V  [jvm.dll+0x320ad3]
V  [jvm.dll+0x31ffca]
V  [jvm.dll+0x1fb602]
V  [jvm.dll+0x1fa7f4]
V  [jvm.dll+0x18354c]
V  [jvm.dll+0x208ee7]
V  [jvm.dll+0x207731]
V  [jvm.dll+0x6eb1cf]
V  [jvm.dll+0x6e3d45]
V  [jvm.dll+0x5ebe96]
C  [ucrtbase.dll+0x21bb2]
C  [KERNEL32.DLL+0x17034]
C  [ntdll.dll+0x52651]


---------------  P R O C E S S  ---------------

Threads class SMR info:
_java_thread_list=0x00000149db2fdad0, length=56, elements={
0x00000149b328b000, 0x00000149cd57b000, 0x00000149cd580800, 0x00000149cdf22800,
0x00000149cd59a800, 0x00000149cd59d800, 0x00000149cd5a1800, 0x00000149cd5ad000,
0x00000149cd5b2800, 0x00000149ce057000, 0x00000149cfd4c800, 0x00000149ce12f800,
0x00000149cf81f800, 0x00000149d060d800, 0x00000149d0612000, 0x00000149d060d000,
0x00000149d060c000, 0x00000149d060f800, 0x00000149cf3b3000, 0x00000149cf3b6000,
0x00000149cf3b7000, 0x00000149cf3b7800, 0x00000149cf3b2000, 0x00000149cf3bf000,
0x00000149cf3be000, 0x00000149cf3b3800, 0x00000149cf3b1000, 0x00000149cf3bc000,
0x00000149cf3bb000, 0x00000149cf3ba000, 0x00000149cf3bc800, 0x00000149cf3bd800,
0x00000149cf3b8800, 0x00000149cf3c0000, 0x00000149d0610000, 0x00000149d060e800,
0x00000149d0611000, 0x00000149d0612800, 0x00000149d010e800, 0x00000149d010c800,
0x00000149d010b000, 0x00000149d010a800, 0x00000149d0111000, 0x00000149d0111800,
0x00000149d010f000, 0x00000149d0110000, 0x00000149d010c000, 0x00000149d010d800,
0x00000149d0119000, 0x00000149d0115800, 0x00000149d0114000, 0x00000149d0112800,
0x00000149d0116800, 0x00000149d0113800, 0x00000149d0117800, 0x00000149d0118000
}

Java Threads: ( => current thread )
  0x00000149b328b000 JavaThread "main" [_thread_blocked, id=5160, stack(0x000000495f600000,0x000000495f700000)]
  0x00000149cd57b000 JavaThread "Reference Handler" daemon [_thread_blocked, id=6836, stack(0x000000495fd00000,0x000000495fe00000)]
  0x00000149cd580800 JavaThread "Finalizer" daemon [_thread_blocked, id=8232, stack(0x000000495fe00000,0x000000495ff00000)]
  0x00000149cdf22800 JavaThread "Signal Dispatcher" daemon [_thread_blocked, id=7000, stack(0x000000495ff00000,0x0000004960000000)]
  0x00000149cd59a800 JavaThread "Attach Listener" daemon [_thread_blocked, id=8328, stack(0x0000004960000000,0x0000004960100000)]
  0x00000149cd59d800 JavaThread "Service Thread" daemon [_thread_blocked, id=6976, stack(0x0000004960100000,0x0000004960200000)]
=>0x00000149cd5a1800 JavaThread "C2 CompilerThread0" daemon [_thread_in_native, id=5976, stack(0x0000004960200000,0x0000004960300000)]
  0x00000149cd5ad000 JavaThread "C1 CompilerThread0" daemon [_thread_blocked, id=6712, stack(0x0000004960300000,0x0000004960400000)]
  0x00000149cd5b2800 JavaThread "Sweeper thread" daemon [_thread_blocked, id=2868, stack(0x0000004960400000,0x0000004960500000)]
  0x00000149ce057000 JavaThread "Common-Cleaner" daemon [_thread_blocked, id=1428, stack(0x0000004960500000,0x0000004960600000)]
  0x00000149cfd4c800 JavaThread "Daemon health stats" [_thread_blocked, id=8532, stack(0x0000004960900000,0x0000004960a00000)]
  0x00000149ce12f800 JavaThread "Incoming local TCP Connector on port 54725" [_thread_in_native, id=8568, stack(0x0000004960700000,0x0000004960800000)]
  0x00000149cf81f800 JavaThread "Daemon periodic checks" [_thread_blocked, id=8880, stack(0x0000004960a00000,0x0000004960b00000)]
  0x00000149d060d800 JavaThread "Cache worker for file hash cache (C:\Users\ROY\.gradle\caches\7.0.2\fileHashes)" [_thread_blocked, id=7760, stack(0x0000004961400000,0x0000004961500000)]
  0x00000149d0612000 JavaThread "File lock request listener" [_thread_in_native, id=9024, stack(0x0000004961500000,0x0000004961600000)]
  0x00000149d060d000 JavaThread "Cache worker for journal cache (C:\Users\ROY\.gradle\caches\journal-1)" [_thread_blocked, id=6492, stack(0x0000004961600000,0x0000004961700000)]
  0x00000149d060c000 JavaThread "File watcher server" daemon [_thread_in_native, id=7208, stack(0x0000004961800000,0x0000004961900000)]
  0x00000149d060f800 JavaThread "File watcher consumer" daemon [_thread_blocked, id=4020, stack(0x0000004961900000,0x0000004961a00000)]
  0x00000149cf3b3000 JavaThread "Cache worker for execution history cache (C:\Users\ROY\.gradle\caches\7.0.2\executionHistory)" [_thread_blocked, id=9172, stack(0x0000004961e00000,0x0000004961f00000)]
  0x00000149cf3b6000 JavaThread "jar transforms" [_thread_blocked, id=3900, stack(0x0000004961d00000,0x0000004961e00000)]
  0x00000149cf3b7000 JavaThread "jar transforms Thread 2" [_thread_blocked, id=7788, stack(0x0000004962000000,0x0000004962100000)]
  0x00000149cf3b7800 JavaThread "Cache worker for file content cache (C:\Users\ROY\.gradle\caches\7.0.2\fileContent)" [_thread_blocked, id=5020, stack(0x0000004962100000,0x0000004962200000)]
  0x00000149cf3b2000 JavaThread "jar transforms Thread 3" [_thread_blocked, id=1096, stack(0x0000004962300000,0x0000004962400000)]
  0x00000149cf3bf000 JavaThread "jar transforms Thread 4" [_thread_blocked, id=8656, stack(0x0000004962800000,0x0000004962900000)]
  0x00000149cf3be000 JavaThread "Memory manager" [_thread_blocked, id=1392, stack(0x0000004962a00000,0x0000004962b00000)]
  0x00000149cf3b3800 JavaThread "Daemon Thread 3" [_thread_blocked, id=8340, stack(0x000000495f300000,0x000000495f400000)]
  0x00000149cf3b1000 JavaThread "Handler for socket connection from /127.0.0.1:54725 to /127.0.0.1:58727" [_thread_in_native, id=8312, stack(0x000000495f400000,0x000000495f500000)]
  0x00000149cf3bc000 JavaThread "Cancel handler" [_thread_blocked, id=3092, stack(0x000000495f500000,0x000000495f600000)]
  0x00000149cf3bb000 JavaThread "Daemon worker Thread 3" [_thread_blocked, id=7420, stack(0x0000004960b00000,0x0000004960c00000)]
  0x00000149cf3ba000 JavaThread "Asynchronous log dispatcher for DefaultDaemonConnection: socket connection from /127.0.0.1:54725 to /127.0.0.1:58727" [_thread_blocked, id=8404, stack(0x0000004960c00000,0x0000004960d00000)]
  0x00000149cf3bc800 JavaThread "Stdin handler" [_thread_blocked, id=8592, stack(0x0000004960d00000,0x0000004960e00000)]
  0x00000149cf3bd800 JavaThread "Daemon client event forwarder" [_thread_blocked, id=5872, stack(0x0000004960e00000,0x0000004960f00000)]
  0x00000149cf3b8800 JavaThread "Cache worker for file hash cache (C:\Users\ROY\AndroidStudioProjects\SaveNotes\.gradle\7.0.2\fileHashes)" [_thread_blocked, id=9204, stack(0x0000004960f00000,0x0000004961000000)]
  0x00000149cf3c0000 JavaThread "Cache worker for checksums cache (C:\Users\ROY\AndroidStudioProjects\SaveNotes\.gradle\checksums)" [_thread_blocked, id=7756, stack(0x0000004961000000,0x0000004961100000)]
  0x00000149d0610000 JavaThread "Cache worker for cache directory md-supplier (C:\Users\ROY\.gradle\caches\7.0.2\md-supplier)" [_thread_blocked, id=5840, stack(0x0000004961100000,0x0000004961200000)]
  0x00000149d060e800 JavaThread "Cache worker for cache directory md-rule (C:\Users\ROY\.gradle\caches\7.0.2\md-rule)" [_thread_blocked, id=3448, stack(0x0000004961700000,0x0000004961800000)]
  0x00000149d0611000 JavaThread "Cache worker for dependencies-accessors (C:\Users\ROY\AndroidStudioProjects\SaveNotes\.gradle\7.0.2\dependencies-accessors)" [_thread_blocked, id=1936, stack(0x0000004961a00000,0x0000004961b00000)]
  0x00000149d0612800 JavaThread "Cache worker for Build Output Cleanup Cache (C:\Users\ROY\AndroidStudioProjects\SaveNotes\.gradle\buildOutputCleanup)" [_thread_blocked, id=2696, stack(0x0000004961b00000,0x0000004961c00000)]
  0x00000149d010e800 JavaThread "Build operations" [_thread_blocked, id=896, stack(0x0000004962200000,0x0000004962300000)]
  0x00000149d010c800 JavaThread "Build operations Thread 2" [_thread_blocked, id=8620, stack(0x0000004962400000,0x0000004962500000)]
  0x00000149d010b000 JavaThread "Build operations Thread 3" [_thread_blocked, id=8288, stack(0x0000004962500000,0x0000004962600000)]
  0x00000149d010a800 JavaThread "Build operations Thread 4" [_thread_blocked, id=8432, stack(0x0000004962600000,0x0000004962700000)]
  0x00000149d0111000 JavaThread "build event listener" [_thread_blocked, id=8988, stack(0x0000004962700000,0x0000004962800000)]
  0x00000149d0111800 JavaThread "Execution worker for ':'" [_thread_in_native, id=9168, stack(0x0000004962900000,0x0000004962a00000)]
  0x00000149d010f000 JavaThread "Execution worker for ':' Thread 2" [_thread_blocked, id=7468, stack(0x0000004962b00000,0x0000004962c00000)]
  0x00000149d0110000 JavaThread "Execution worker for ':' Thread 3" [_thread_blocked, id=8440, stack(0x0000004962c00000,0x0000004962d00000)]
  0x00000149d010c000 JavaThread "Cache worker for execution history cache (C:\Users\ROY\AndroidStudioProjects\SaveNotes\.gradle\7.0.2\executionHistory)" [_thread_blocked, id=8564, stack(0x0000004962d00000,0x0000004962e00000)]
  0x00000149d010d800 JavaThread "WorkerExecutor Queue Thread 3" [_thread_blocked, id=7260, stack(0x0000004963000000,0x0000004963100000)]
  0x00000149d0119000 JavaThread "pool-6-thread-1" [_thread_blocked, id=4156, stack(0x0000004963200000,0x0000004963300000)]
  0x00000149d0115800 JavaThread "stderr" [_thread_in_native, id=8828, stack(0x0000004962e00000,0x0000004962f00000)]
  0x00000149d0114000 JavaThread "stdout" [_thread_in_native, id=6672, stack(0x0000004963100000,0x0000004963200000)]
  0x00000149d0112800 JavaThread "Cache worker for Java compile cache (C:\Users\ROY\.gradle\caches\7.0.2\javaCompile)" [_thread_blocked, id=4888, stack(0x0000004962f00000,0x0000004963000000)]
  0x00000149d0116800 JavaThread "Cache worker for Java compile cache (C:\Users\ROY\AndroidStudioProjects\SaveNotes\.gradle\7.0.2\javaCompile)" [_thread_blocked, id=1172, stack(0x0000004963300000,0x0000004963400000)]
  0x00000149d0113800 JavaThread "WorkerExecutor Queue Thread 5" [_thread_blocked, id=3780, stack(0x0000004963400000,0x0000004963500000)]
  0x00000149d0117800 JavaThread "WorkerExecutor Queue Thread 6" [_thread_blocked, id=6748, stack(0x0000004963500000,0x0000004963600000)]
  0x00000149d0118000 JavaThread "WorkerExecutor Queue Thread 7" [_thread_blocked, id=7332, stack(0x0000004963600000,0x0000004963700000)]

Other Threads:
  0x00000149cd576800 VMThread "VM Thread" [stack: 0x000000495fc00000,0x000000495fd00000] [id=6556]
  0x00000149ce089800 WatcherThread [stack: 0x0000004960600000,0x0000004960700000] [id=7308]
  0x00000149b32a3800 GCTaskThread "GC Thread#0" [stack: 0x000000495f700000,0x000000495f800000] [id=5380]
  0x00000149cebb2000 GCTaskThread "GC Thread#1" [stack: 0x0000004960800000,0x0000004960900000] [id=8484]
  0x00000149ce36f000 GCTaskThread "GC Thread#2" [stack: 0x0000004961200000,0x0000004961300000] [id=8152]
  0x00000149d0688000 GCTaskThread "GC Thread#3" [stack: 0x0000004961300000,0x0000004961400000] [id=8636]
  0x00000149b32d6000 ConcurrentGCThread "G1 Main Marker" [stack: 0x000000495f800000,0x000000495f900000] [id=4636]
  0x00000149b32d8000 ConcurrentGCThread "G1 Conc#0" [stack: 0x000000495f900000,0x000000495fa00000] [id=6884]
  0x00000149b3352800 ConcurrentGCThread "G1 Refine#0" [stack: 0x000000495fa00000,0x000000495fb00000] [id=1100]
  0x00000149d6290800 ConcurrentGCThread "G1 Refine#1" [stack: 0x0000004961c00000,0x0000004961d00000] [id=2820]
  0x00000149d3a3b800 ConcurrentGCThread "G1 Refine#2" [stack: 0x0000004961f00000,0x0000004962000000] [id=964]
  0x00000149b3353800 ConcurrentGCThread "G1 Young RemSet Sampling" [stack: 0x000000495fb00000,0x000000495fc00000] [id=6924]

Threads with active compile tasks:
C2 CompilerThread04573649 20426       4       com.android.tools.r8.internal.X4::a (1165 bytes)

VM state:not at safepoint (normal execution)

VM Mutex/Monitor currently owned by a thread: None

Heap address: 0x0000000080000000, size: 2048 MB, Compressed Oops mode: 32-bit
Narrow klass base: 0x0000000000000000, Narrow klass shift: 3
Compressed class space size: 1073741824 Address: 0x0000000100000000

Heap:
 garbage-first heap   total 212992K, used 146843K [0x0000000080000000, 0x0000000100000000)
  region size 1024K, 9 young (9216K), 5 survivors (5120K)
 Metaspace       used 140810K, capacity 144790K, committed 144996K, reserved 1175552K
  class space    used 17791K, capacity 19264K, committed 19328K, reserved 1048576K
Heap Regions: E=young(eden), S=young(survivor), O=old, HS=humongous(starts), HC=humongous(continues), CS=collection set, F=free, A=archive, TAMS=top-at-mark-start (previous, next)
|   0|0x0000000080000000, 0x0000000080100000, 0x0000000080100000|100%| O|  |TAMS 0x0000000080100000, 0x0000000080100000| Untracked 
|   1|0x0000000080100000, 0x0000000080200000, 0x0000000080200000|100%| O|  |TAMS 0x0000000080200000, 0x0000000080200000| Untracked 
|   2|0x0000000080200000, 0x0000000080300000, 0x0000000080300000|100%| O|  |TAMS 0x0000000080300000, 0x0000000080300000| Untracked 
|   3|0x0000000080300000, 0x0000000080400000, 0x0000000080400000|100%|HS|  |TAMS 0x0000000080400000, 0x0000000080400000| Complete 
|   4|0x0000000080400000, 0x0000000080500000, 0x0000000080500000|100%|HC|  |TAMS 0x0000000080500000, 0x0000000080500000| Complete 
|   5|0x0000000080500000, 0x0000000080600000, 0x0000000080600000|100%|HC|  |TAMS 0x0000000080600000, 0x0000000080600000| Complete 
|   6|0x0000000080600000, 0x0000000080700000, 0x0000000080700000|100%| O|  |TAMS 0x0000000080700000, 0x0000000080700000| Untracked 
|   7|0x0000000080700000, 0x0000000080800000, 0x0000000080800000|100%| O|  |TAMS 0x0000000080800000, 0x0000000080800000| Untracked 
|   8|0x0000000080800000, 0x0000000080900000, 0x0000000080900000|100%| O|  |TAMS 0x0000000080900000, 0x0000000080900000| Untracked 
|   9|0x0000000080900000, 0x0000000080a00000, 0x0000000080a00000|100%| O|  |TAMS 0x0000000080a00000, 0x0000000080a00000| Untracked 
|  10|0x0000000080a00000, 0x0000000080b00000, 0x0000000080b00000|100%| O|  |TAMS 0x0000000080b00000, 0x0000000080b00000| Untracked 
|  11|0x0000000080b00000, 0x0000000080c00000, 0x0000000080c00000|100%| O|  |TAMS 0x0000000080c00000, 0x0000000080c00000| Untracked 
|  12|0x0000000080c00000, 0x0000000080d00000, 0x0000000080d00000|100%| O|  |TAMS 0x0000000080d00000, 0x0000000080d00000| Untracked 
|  13|0x0000000080d00000, 0x0000000080e00000, 0x0000000080e00000|100%| O|  |TAMS 0x0000000080e00000, 0x0000000080e00000| Untracked 
|  14|0x0000000080e00000, 0x0000000080f00000, 0x0000000080f00000|100%| O|  |TAMS 0x0000000080f00000, 0x0000000080f00000| Untracked 
|  15|0x0000000080f00000, 0x0000000081000000, 0x0000000081000000|100%| O|  |TAMS 0x0000000081000000, 0x0000000081000000| Untracked 
|  16|0x0000000081000000, 0x0000000081100000, 0x0000000081100000|100%|HS|  |TAMS 0x0000000081100000, 0x0000000081100000| Complete 
|  17|0x0000000081100000, 0x0000000081200000, 0x0000000081200000|100%| O|  |TAMS 0x0000000081200000, 0x0000000081200000| Untracked 
|  18|0x0000000081200000, 0x0000000081300000, 0x0000000081300000|100%| O|  |TAMS 0x0000000081300000, 0x0000000081300000| Untracked 
|  19|0x0000000081300000, 0x0000000081400000, 0x0000000081400000|100%| O|  |TAMS 0x0000000081400000, 0x0000000081400000| Untracked 
|  20|0x0000000081400000, 0x0000000081500000, 0x0000000081500000|100%| O|  |TAMS 0x0000000081500000, 0x0000000081500000| Untracked 
|  21|0x0000000081500000, 0x0000000081600000, 0x0000000081600000|100%| O|  |TAMS 0x0000000081600000, 0x0000000081600000| Untracked 
|  22|0x0000000081600000, 0x0000000081700000, 0x0000000081700000|100%| O|  |TAMS 0x0000000081700000, 0x0000000081700000| Untracked 
|  23|0x0000000081700000, 0x0000000081800000, 0x0000000081800000|100%| O|  |TAMS 0x0000000081800000, 0x0000000081800000| Untracked 
|  24|0x0000000081800000, 0x0000000081900000, 0x0000000081900000|100%| O|  |TAMS 0x0000000081900000, 0x0000000081900000| Untracked 
|  25|0x0000000081900000, 0x0000000081a00000, 0x0000000081a00000|100%| O|  |TAMS 0x0000000081a00000, 0x0000000081a00000| Untracked 
|  26|0x0000000081a00000, 0x0000000081b00000, 0x0000000081b00000|100%| O|  |TAMS 0x0000000081b00000, 0x0000000081b00000| Untracked 
|  27|0x0000000081b00000, 0x0000000081c00000, 0x0000000081c00000|100%|HS|  |TAMS 0x0000000081c00000, 0x0000000081c00000| Complete 
|  28|0x0000000081c00000, 0x0000000081d00000, 0x0000000081d00000|100%|HS|  |TAMS 0x0000000081d00000, 0x0000000081d00000| Complete 
|  29|0x0000000081d00000, 0x0000000081e00000, 0x0000000081e00000|100%|HC|  |TAMS 0x0000000081e00000, 0x0000000081e00000| Complete 
|  30|0x0000000081e00000, 0x0000000081f00000, 0x0000000081f00000|100%| O|  |TAMS 0x0000000081e00000, 0x0000000081f00000| Untracked 
|  31|0x0000000081f00000, 0x0000000082000000, 0x0000000082000000|100%| O|  |TAMS 0x0000000082000000, 0x0000000082000000| Untracked 
|  32|0x0000000082000000, 0x0000000082100000, 0x0000000082100000|100%| O|  |TAMS 0x0000000082100000, 0x0000000082100000| Untracked 
|  33|0x0000000082100000, 0x0000000082200000, 0x0000000082200000|100%| O|  |TAMS 0x0000000082200000, 0x0000000082200000| Untracked 
|  34|0x0000000082200000, 0x0000000082300000, 0x0000000082300000|100%| O|  |TAMS 0x0000000082300000, 0x0000000082300000| Untracked 
|  35|0x0000000082300000, 0x0000000082400000, 0x0000000082400000|100%| O|  |TAMS 0x0000000082400000, 0x0000000082400000| Untracked 
|  36|0x0000000082400000, 0x0000000082500000, 0x0000000082500000|100%| O|  |TAMS 0x0000000082500000, 0x0000000082500000| Untracked 
|  37|0x0000000082500000, 0x0000000082600000, 0x0000000082600000|100%| O|  |TAMS 0x0000000082500000, 0x0000000082600000| Untracked 
|  38|0x0000000082600000, 0x0000000082700000, 0x0000000082700000|100%| O|  |TAMS 0x0000000082700000, 0x0000000082700000| Untracked 
|  39|0x0000000082700000, 0x0000000082800000, 0x0000000082800000|100%| O|  |TAMS 0x0000000082800000, 0x0000000082800000| Untracked 
|  40|0x0000000082800000, 0x0000000082900000, 0x0000000082900000|100%| O|  |TAMS 0x0000000082900000, 0x0000000082900000| Untracked 
|  41|0x0000000082900000, 0x0000000082a00000, 0x0000000082a00000|100%| O|  |TAMS 0x0000000082a00000, 0x0000000082a00000| Untracked 
|  42|0x0000000082a00000, 0x0000000082b00000, 0x0000000082b00000|100%| O|  |TAMS 0x0000000082b00000, 0x0000000082b00000| Untracked 
|  43|0x0000000082b00000, 0x0000000082c00000, 0x0000000082c00000|100%| O|  |TAMS 0x0000000082c00000, 0x0000000082c00000| Untracked 
|  44|0x0000000082c00000, 0x0000000082d00000, 0x0000000082d00000|100%| O|  |TAMS 0x0000000082c00000, 0x0000000082d00000| Untracked 
|  45|0x0000000082d00000, 0x0000000082e00000, 0x0000000082e00000|100%| O|  |TAMS 0x0000000082d00000, 0x0000000082e00000| Untracked 
|  46|0x0000000082e00000, 0x0000000082f00000, 0x0000000082f00000|100%| O|  |TAMS 0x0000000082f00000, 0x0000000082f00000| Untracked 
|  47|0x0000000082f00000, 0x0000000083000000, 0x0000000083000000|100%| O|  |TAMS 0x0000000082f00000, 0x0000000083000000| Untracked 
|  48|0x0000000083000000, 0x0000000083100000, 0x0000000083100000|100%| O|  |TAMS 0x0000000083100000, 0x0000000083100000| Untracked 
|  49|0x0000000083100000, 0x0000000083200000, 0x0000000083200000|100%| O|  |TAMS 0x0000000083200000, 0x0000000083200000| Untracked 
|  50|0x0000000083200000, 0x0000000083300000, 0x0000000083300000|100%| O|  |TAMS 0x0000000083300000, 0x0000000083300000| Untracked 
|  51|0x0000000083300000, 0x0000000083400000, 0x0000000083400000|100%| O|  |TAMS 0x0000000083400000, 0x0000000083400000| Untracked 
|  52|0x0000000083400000, 0x0000000083500000, 0x0000000083500000|100%| O|  |TAMS 0x0000000083500000, 0x0000000083500000| Untracked 
|  53|0x0000000083500000, 0x0000000083600000, 0x0000000083600000|100%| O|  |TAMS 0x0000000083600000, 0x0000000083600000| Untracked 
|  54|0x0000000083600000, 0x0000000083700000, 0x0000000083700000|100%| O|  |TAMS 0x0000000083600000, 0x0000000083700000| Untracked 
|  55|0x0000000083700000, 0x0000000083800000, 0x0000000083800000|100%| O|  |TAMS 0x0000000083800000, 0x0000000083800000| Untracked 
|  56|0x0000000083800000, 0x0000000083900000, 0x0000000083900000|100%| O|  |TAMS 0x0000000083900000, 0x0000000083900000| Untracked 
|  57|0x0000000083900000, 0x0000000083a00000, 0x0000000083a00000|100%| O|  |TAMS 0x0000000083900000, 0x0000000083a00000| Untracked 
|  58|0x0000000083a00000, 0x0000000083b00000, 0x0000000083b00000|100%| O|  |TAMS 0x0000000083b00000, 0x0000000083b00000| Untracked 
|  59|0x0000000083b00000, 0x0000000083c00000, 0x0000000083c00000|100%| O|  |TAMS 0x0000000083c00000, 0x0000000083c00000| Untracked 
|  60|0x0000000083c00000, 0x0000000083d00000, 0x0000000083d00000|100%| O|  |TAMS 0x0000000083d00000, 0x0000000083d00000| Untracked 
|  61|0x0000000083d00000, 0x0000000083e00000, 0x0000000083e00000|100%| O|  |TAMS 0x0000000083e00000, 0x0000000083e00000| Untracked 
|  62|0x0000000083e00000, 0x0000000083f00000, 0x0000000083f00000|100%| O|  |TAMS 0x0000000083f00000, 0x0000000083f00000| Untracked 
|  63|0x0000000083f00000, 0x0000000084000000, 0x0000000084000000|100%| O|  |TAMS 0x0000000083f00000, 0x0000000084000000| Untracked 
|  64|0x0000000084000000, 0x0000000084100000, 0x0000000084100000|100%|HS|  |TAMS 0x0000000084100000, 0x0000000084100000| Complete 
|  65|0x0000000084100000, 0x0000000084200000, 0x0000000084200000|100%|HC|  |TAMS 0x0000000084200000, 0x0000000084200000| Complete 
|  66|0x0000000084200000, 0x0000000084300000, 0x0000000084300000|100%|HS|  |TAMS 0x0000000084300000, 0x0000000084300000| Complete 
|  67|0x0000000084300000, 0x0000000084400000, 0x0000000084400000|100%|HC|  |TAMS 0x0000000084400000, 0x0000000084400000| Complete 
|  68|0x0000000084400000, 0x0000000084500000, 0x0000000084500000|100%|HC|  |TAMS 0x0000000084500000, 0x0000000084500000| Complete 
|  69|0x0000000084500000, 0x0000000084600000, 0x0000000084600000|100%|HS|  |TAMS 0x0000000084600000, 0x0000000084600000| Complete 
|  70|0x0000000084600000, 0x0000000084700000, 0x0000000084700000|100%|HC|  |TAMS 0x0000000084700000, 0x0000000084700000| Complete 
|  71|0x0000000084700000, 0x0000000084800000, 0x0000000084800000|100%|HC|  |TAMS 0x0000000084800000, 0x0000000084800000| Complete 
|  72|0x0000000084800000, 0x0000000084900000, 0x0000000084900000|100%|HC|  |TAMS 0x0000000084900000, 0x0000000084900000| Complete 
|  73|0x0000000084900000, 0x0000000084a00000, 0x0000000084a00000|100%|HC|  |TAMS 0x0000000084a00000, 0x0000000084a00000| Complete 
|  74|0x0000000084a00000, 0x0000000084b00000, 0x0000000084b00000|100%|HS|  |TAMS 0x0000000084b00000, 0x0000000084b00000| Complete 
|  75|0x0000000084b00000, 0x0000000084c00000, 0x0000000084c00000|100%|HC|  |TAMS 0x0000000084c00000, 0x0000000084c00000| Complete 
|  76|0x0000000084c00000, 0x0000000084d00000, 0x0000000084d00000|100%|HC|  |TAMS 0x0000000084d00000, 0x0000000084d00000| Complete 
|  77|0x0000000084d00000, 0x0000000084e00000, 0x0000000084e00000|100%|HC|  |TAMS 0x0000000084e00000, 0x0000000084e00000| Complete 
|  78|0x0000000084e00000, 0x0000000084f00000, 0x0000000084f00000|100%|HC|  |TAMS 0x0000000084f00000, 0x0000000084f00000| Complete 
|  79|0x0000000084f00000, 0x0000000085000000, 0x0000000085000000|100%|HS|  |TAMS 0x0000000085000000, 0x0000000085000000| Complete 
|  80|0x0000000085000000, 0x0000000085100000, 0x0000000085100000|100%|HC|  |TAMS 0x0000000085100000, 0x0000000085100000| Complete 
|  81|0x0000000085100000, 0x0000000085200000, 0x0000000085200000|100%|HC|  |TAMS 0x0000000085200000, 0x0000000085200000| Complete 
|  82|0x0000000085200000, 0x0000000085300000, 0x0000000085300000|100%| O|  |TAMS 0x0000000085300000, 0x0000000085300000| Untracked 
|  83|0x0000000085300000, 0x0000000085400000, 0x0000000085400000|100%| O|  |TAMS 0x000000008534e000, 0x0000000085400000| Untracked 
|  84|0x0000000085400000, 0x0000000085500000, 0x0000000085500000|100%| O|  |TAMS 0x0000000085400000, 0x0000000085500000| Untracked 
|  85|0x0000000085500000, 0x0000000085600000, 0x0000000085600000|100%| O|  |TAMS 0x0000000085600000, 0x0000000085600000| Untracked 
|  86|0x0000000085600000, 0x0000000085700000, 0x0000000085700000|100%| O|  |TAMS 0x0000000085700000, 0x0000000085700000| Untracked 
|  87|0x0000000085700000, 0x0000000085800000, 0x0000000085800000|100%| O|  |TAMS 0x0000000085800000, 0x0000000085800000| Untracked 
|  88|0x0000000085800000, 0x0000000085900000, 0x0000000085900000|100%| O|  |TAMS 0x0000000085900000, 0x0000000085900000| Untracked 
|  89|0x0000000085900000, 0x0000000085a00000, 0x0000000085a00000|100%| O|  |TAMS 0x0000000085a00000, 0x0000000085a00000| Untracked 
|  90|0x0000000085a00000, 0x0000000085b00000, 0x0000000085b00000|100%| O|  |TAMS 0x0000000085b00000, 0x0000000085b00000| Untracked 
|  91|0x0000000085b00000, 0x0000000085c00000, 0x0000000085c00000|100%| O|  |TAMS 0x0000000085c00000, 0x0000000085c00000| Untracked 
|  92|0x0000000085c00000, 0x0000000085d00000, 0x0000000085d00000|100%| O|  |TAMS 0x0000000085c00000, 0x0000000085d00000| Untracked 
|  93|0x0000000085d00000, 0x0000000085e00000, 0x0000000085e00000|100%| O|  |TAMS 0x0000000085e00000, 0x0000000085e00000| Untracked 
|  94|0x0000000085e00000, 0x0000000085f00000, 0x0000000085f00000|100%| O|  |TAMS 0x0000000085f00000, 0x0000000085f00000| Untracked 
|  95|0x0000000085f00000, 0x0000000086000000, 0x0000000086000000|100%| O|  |TAMS 0x0000000086000000, 0x0000000086000000| Untracked 
|  96|0x0000000086000000, 0x0000000086100000, 0x0000000086100000|100%| O|  |TAMS 0x0000000086100000, 0x0000000086100000| Untracked 
|  97|0x0000000086100000, 0x0000000086200000, 0x0000000086200000|100%| O|  |TAMS 0x0000000086200000, 0x0000000086200000| Untracked 
|  98|0x0000000086200000, 0x0000000086300000, 0x0000000086300000|100%| O|  |TAMS 0x0000000086300000, 0x0000000086300000| Untracked 
|  99|0x0000000086300000, 0x0000000086400000, 0x0000000086400000|100%| O|  |TAMS 0x0000000086400000, 0x0000000086400000| Untracked 
| 100|0x0000000086400000, 0x0000000086500000, 0x0000000086500000|100%| O|  |TAMS 0x0000000086500000, 0x0000000086500000| Untracked 
| 101|0x0000000086500000, 0x0000000086600000, 0x0000000086600000|100%| O|  |TAMS 0x0000000086600000, 0x0000000086600000| Untracked 
| 102|0x0000000086600000, 0x0000000086700000, 0x0000000086700000|100%| O|  |TAMS 0x0000000086700000, 0x0000000086700000| Untracked 
| 103|0x0000000086700000, 0x0000000086800000, 0x0000000086800000|100%| O|  |TAMS 0x0000000086800000, 0x0000000086800000| Untracked 
| 104|0x0000000086800000, 0x0000000086900000, 0x0000000086900000|100%| O|  |TAMS 0x0000000086800000, 0x0000000086900000| Untracked 
| 105|0x0000000086900000, 0x0000000086a00000, 0x0000000086a00000|100%| O|  |TAMS 0x0000000086a00000, 0x0000000086a00000| Untracked 
| 106|0x0000000086a00000, 0x0000000086b00000, 0x0000000086b00000|100%| O|  |TAMS 0x0000000086a00000, 0x0000000086b00000| Untracked 
| 107|0x0000000086b00000, 0x0000000086c00000, 0x0000000086c00000|100%| O|  |TAMS 0x0000000086c00000, 0x0000000086c00000| Untracked 
| 108|0x0000000086c00000, 0x0000000086d00000, 0x0000000086d00000|100%| O|  |TAMS 0x0000000086d00000, 0x0000000086d00000| Untracked 
| 109|0x0000000086d00000, 0x0000000086e00000, 0x0000000086e00000|100%|HS|  |TAMS 0x0000000086d00000, 0x0000000086e00000| Complete 
| 110|0x0000000086e00000, 0x0000000086f00000, 0x0000000086f00000|100%|HC|  |TAMS 0x0000000086e00000, 0x0000000086f00000| Complete 
| 111|0x0000000086f00000, 0x0000000087000000, 0x0000000087000000|100%| O|  |TAMS 0x0000000087000000, 0x0000000087000000| Untracked 
| 112|0x0000000087000000, 0x0000000087100000, 0x0000000087100000|100%| O|  |TAMS 0x0000000087100000, 0x0000000087100000| Untracked 
| 113|0x0000000087100000, 0x0000000087200000, 0x0000000087200000|100%| O|  |TAMS 0x0000000087200000, 0x0000000087200000| Untracked 
| 114|0x0000000087200000, 0x0000000087300000, 0x0000000087300000|100%| O|  |TAMS 0x0000000087300000, 0x0000000087300000| Untracked 
| 115|0x0000000087300000, 0x0000000087400000, 0x0000000087400000|100%| O|  |TAMS 0x0000000087400000, 0x0000000087400000| Untracked 
| 116|0x0000000087400000, 0x0000000087500000, 0x0000000087500000|100%| O|  |TAMS 0x0000000087500000, 0x0000000087500000| Untracked 
| 117|0x0000000087500000, 0x0000000087600000, 0x0000000087600000|100%| O|  |TAMS 0x0000000087500000, 0x0000000087600000| Untracked 
| 118|0x0000000087600000, 0x0000000087700000, 0x0000000087700000|100%| O|  |TAMS 0x0000000087700000, 0x0000000087700000| Untracked 
| 119|0x0000000087700000, 0x0000000087800000, 0x0000000087800000|100%| O|  |TAMS 0x0000000087800000, 0x0000000087800000| Untracked 
| 120|0x0000000087800000, 0x0000000087900000, 0x0000000087900000|100%| O|  |TAMS 0x0000000087800000, 0x0000000087900000| Untracked 
| 121|0x0000000087900000, 0x0000000087a00000, 0x0000000087a00000|100%| O|  |TAMS 0x0000000087900000, 0x0000000087a00000| Untracked 
| 122|0x0000000087a00000, 0x0000000087b00000, 0x0000000087b00000|100%| O|  |TAMS 0x0000000087a00000, 0x0000000087b00000| Untracked 
| 123|0x0000000087b00000, 0x0000000087c00000, 0x0000000087c00000|100%| O|  |TAMS 0x0000000087b00000, 0x0000000087c00000| Untracked 
| 124|0x0000000087c00000, 0x0000000087d00000, 0x0000000087d00000|100%| O|  |TAMS 0x0000000087c00000, 0x0000000087d00000| Untracked 
| 125|0x0000000087d00000, 0x0000000087e00000, 0x0000000087e00000|100%| O|  |TAMS 0x0000000087d00000, 0x0000000087e00000| Untracked 
| 126|0x0000000087e00000, 0x0000000087f00000, 0x0000000087f00000|100%| O|  |TAMS 0x0000000087e00000, 0x0000000087f00000| Untracked 
| 127|0x0000000087f00000, 0x0000000088000000, 0x0000000088000000|100%|HS|  |TAMS 0x0000000087f00000, 0x0000000087f00000| Complete 
| 128|0x0000000088000000, 0x0000000088100000, 0x0000000088100000|100%| O|  |TAMS 0x0000000088100000, 0x0000000088100000| Untracked 
| 129|0x0000000088100000, 0x0000000088200000, 0x0000000088200000|100%| O|  |TAMS 0x0000000088200000, 0x0000000088200000| Untracked 
| 130|0x0000000088200000, 0x0000000088300000, 0x0000000088300000|100%| O|  |TAMS 0x0000000088300000, 0x0000000088300000| Untracked 
| 131|0x0000000088300000, 0x0000000088400000, 0x0000000088400000|100%| O|  |TAMS 0x0000000088400000, 0x0000000088400000| Untracked 
| 132|0x0000000088400000, 0x0000000088500000, 0x0000000088500000|100%| O|  |TAMS 0x0000000088500000, 0x0000000088500000| Untracked 
| 133|0x0000000088500000, 0x0000000088600000, 0x0000000088600000|100%| O|  |TAMS 0x0000000088600000, 0x0000000088600000| Untracked 
| 134|0x0000000088600000, 0x0000000088700000, 0x0000000088700000|100%| O|  |TAMS 0x0000000088700000, 0x0000000088700000| Untracked 
| 135|0x0000000088700000, 0x0000000088800000, 0x0000000088800000|100%| O|  |TAMS 0x0000000088800000, 0x0000000088800000| Untracked 
| 136|0x0000000088800000, 0x0000000088900000, 0x0000000088900000|100%| O|  |TAMS 0x0000000088900000, 0x0000000088900000| Untracked 
| 137|0x0000000088900000, 0x0000000088900000, 0x0000000088a00000|  0%| F|  |TAMS 0x0000000088900000, 0x0000000088900000| Untracked 
| 138|0x0000000088a00000, 0x0000000088a00000, 0x0000000088b00000|  0%| F|  |TAMS 0x0000000088a00000, 0x0000000088a00000| Untracked 
| 139|0x0000000088b00000, 0x0000000088b00000, 0x0000000088c00000|  0%| F|  |TAMS 0x0000000088b00000, 0x0000000088b00000| Untracked 
| 140|0x0000000088c00000, 0x0000000088c00000, 0x0000000088d00000|  0%| F|  |TAMS 0x0000000088c00000, 0x0000000088c00000| Untracked 
| 141|0x0000000088d00000, 0x0000000088d00000, 0x0000000088e00000|  0%| F|  |TAMS 0x0000000088d00000, 0x0000000088d00000| Untracked 
| 142|0x0000000088e00000, 0x0000000088e00000, 0x0000000088f00000|  0%| F|  |TAMS 0x0000000088e00000, 0x0000000088e00000| Untracked 
| 143|0x0000000088f00000, 0x0000000088f00000, 0x0000000089000000|  0%| F|  |TAMS 0x0000000088f00000, 0x0000000088f00000| Untracked 
| 144|0x0000000089000000, 0x0000000089000000, 0x0000000089100000|  0%| F|  |TAMS 0x0000000089000000, 0x0000000089000000| Untracked 
| 145|0x0000000089100000, 0x0000000089100000, 0x0000000089200000|  0%| F|  |TAMS 0x0000000089100000, 0x0000000089100000| Untracked 
| 146|0x0000000089200000, 0x0000000089200000, 0x0000000089300000|  0%| F|  |TAMS 0x0000000089200000, 0x0000000089200000| Untracked 
| 147|0x0000000089300000, 0x0000000089300000, 0x0000000089400000|  0%| F|  |TAMS 0x0000000089300000, 0x0000000089300000| Untracked 
| 148|0x0000000089400000, 0x0000000089400000, 0x0000000089500000|  0%| F|  |TAMS 0x0000000089400000, 0x0000000089400000| Untracked 
| 149|0x0000000089500000, 0x0000000089500000, 0x0000000089600000|  0%| F|  |TAMS 0x0000000089500000, 0x0000000089500000| Untracked 
| 150|0x0000000089600000, 0x0000000089600000, 0x0000000089700000|  0%| F|  |TAMS 0x0000000089600000, 0x0000000089600000| Untracked 
| 151|0x0000000089700000, 0x0000000089700000, 0x0000000089800000|  0%| F|  |TAMS 0x0000000089700000, 0x0000000089700000| Untracked 
| 152|0x0000000089800000, 0x0000000089800000, 0x0000000089900000|  0%| F|  |TAMS 0x0000000089800000, 0x0000000089800000| Untracked 
| 153|0x0000000089900000, 0x0000000089900000, 0x0000000089a00000|  0%| F|  |TAMS 0x0000000089900000, 0x0000000089900000| Untracked 
| 154|0x0000000089a00000, 0x0000000089a00000, 0x0000000089b00000|  0%| F|  |TAMS 0x0000000089a00000, 0x0000000089a00000| Untracked 
| 155|0x0000000089b00000, 0x0000000089b00000, 0x0000000089c00000|  0%| F|  |TAMS 0x0000000089b00000, 0x0000000089b00000| Untracked 
| 156|0x0000000089c00000, 0x0000000089c00000, 0x0000000089d00000|  0%| F|  |TAMS 0x0000000089c00000, 0x0000000089c00000| Untracked 
| 157|0x0000000089d00000, 0x0000000089d00000, 0x0000000089e00000|  0%| F|  |TAMS 0x0000000089d00000, 0x0000000089d00000| Untracked 
| 158|0x0000000089e00000, 0x0000000089e00000, 0x0000000089f00000|  0%| F|  |TAMS 0x0000000089e00000, 0x0000000089e00000| Untracked 
| 159|0x0000000089f00000, 0x0000000089f00000, 0x000000008a000000|  0%| F|  |TAMS 0x0000000089f00000, 0x0000000089f00000| Untracked 
| 160|0x000000008a000000, 0x000000008a000000, 0x000000008a100000|  0%| F|  |TAMS 0x000000008a000000, 0x000000008a000000| Untracked 
| 161|0x000000008a100000, 0x000000008a100000, 0x000000008a200000|  0%| F|  |TAMS 0x000000008a100000, 0x000000008a100000| Untracked 
| 162|0x000000008a200000, 0x000000008a200000, 0x000000008a300000|  0%| F|  |TAMS 0x000000008a200000, 0x000000008a200000| Untracked 
| 163|0x000000008a300000, 0x000000008a300000, 0x000000008a400000|  0%| F|  |TAMS 0x000000008a300000, 0x000000008a300000| Untracked 
| 164|0x000000008a400000, 0x000000008a400000, 0x000000008a500000|  0%| F|  |TAMS 0x000000008a400000, 0x000000008a400000| Untracked 
| 165|0x000000008a500000, 0x000000008a500000, 0x000000008a600000|  0%| F|  |TAMS 0x000000008a500000, 0x000000008a500000| Untracked 
| 166|0x000000008a600000, 0x000000008a600000, 0x000000008a700000|  0%| F|  |TAMS 0x000000008a600000, 0x000000008a600000| Untracked 
| 167|0x000000008a700000, 0x000000008a700000, 0x000000008a800000|  0%| F|  |TAMS 0x000000008a700000, 0x000000008a700000| Untracked 
| 168|0x000000008a800000, 0x000000008a800000, 0x000000008a900000|  0%| F|  |TAMS 0x000000008a800000, 0x000000008a800000| Untracked 
| 169|0x000000008a900000, 0x000000008a900000, 0x000000008aa00000|  0%| F|  |TAMS 0x000000008a900000, 0x000000008a900000| Untracked 
| 170|0x000000008aa00000, 0x000000008aa66fd0, 0x000000008ab00000| 40%| S|CS|TAMS 0x000000008aa00000, 0x000000008aa00000| Complete 
| 171|0x000000008ab00000, 0x000000008ac00000, 0x000000008ac00000|100%| S|CS|TAMS 0x000000008ab00000, 0x000000008ab00000| Complete 
| 172|0x000000008ac00000, 0x000000008ad00000, 0x000000008ad00000|100%| S|CS|TAMS 0x000000008ac00000, 0x000000008ac00000| Complete 
| 173|0x000000008ad00000, 0x000000008ae00000, 0x000000008ae00000|100%| S|CS|TAMS 0x000000008ad00000, 0x000000008ad00000| Complete 
| 174|0x000000008ae00000, 0x000000008ae00000, 0x000000008af00000|  0%| F|  |TAMS 0x000000008ae00000, 0x000000008ae00000| Untracked 
| 175|0x000000008af00000, 0x000000008af00000, 0x000000008b000000|  0%| F|  |TAMS 0x000000008af00000, 0x000000008af00000| Untracked 
| 176|0x000000008b000000, 0x000000008b100000, 0x000000008b100000|100%| S|CS|TAMS 0x000000008b000000, 0x000000008b000000| Complete 
| 177|0x000000008b100000, 0x000000008b100000, 0x000000008b200000|  0%| F|  |TAMS 0x000000008b100000, 0x000000008b100000| Untracked 
| 178|0x000000008b200000, 0x000000008b200000, 0x000000008b300000|  0%| F|  |TAMS 0x000000008b200000, 0x000000008b200000| Untracked 
| 179|0x000000008b300000, 0x000000008b300000, 0x000000008b400000|  0%| F|  |TAMS 0x000000008b300000, 0x000000008b300000| Untracked 
| 180|0x000000008b400000, 0x000000008b400000, 0x000000008b500000|  0%| F|  |TAMS 0x000000008b400000, 0x000000008b400000| Untracked 
| 181|0x000000008b500000, 0x000000008b500000, 0x000000008b600000|  0%| F|  |TAMS 0x000000008b500000, 0x000000008b500000| Untracked 
| 182|0x000000008b600000, 0x000000008b600000, 0x000000008b700000|  0%| F|  |TAMS 0x000000008b600000, 0x000000008b600000| Untracked 
| 183|0x000000008b700000, 0x000000008b700000, 0x000000008b800000|  0%| F|  |TAMS 0x000000008b700000, 0x000000008b700000| Untracked 
| 184|0x000000008b800000, 0x000000008b800000, 0x000000008b900000|  0%| F|  |TAMS 0x000000008b800000, 0x000000008b800000| Untracked 
| 185|0x000000008b900000, 0x000000008b900000, 0x000000008ba00000|  0%| F|  |TAMS 0x000000008b900000, 0x000000008b900000| Untracked 
| 186|0x000000008ba00000, 0x000000008ba00000, 0x000000008bb00000|  0%| F|  |TAMS 0x000000008ba00000, 0x000000008ba00000| Untracked 
| 187|0x000000008bb00000, 0x000000008bb00000, 0x000000008bc00000|  0%| F|  |TAMS 0x000000008bb00000, 0x000000008bb00000| Untracked 
| 188|0x000000008bc00000, 0x000000008bc00000, 0x000000008bd00000|  0%| F|  |TAMS 0x000000008bc00000, 0x000000008bc00000| Untracked 
| 189|0x000000008bd00000, 0x000000008bd00000, 0x000000008be00000|  0%| F|  |TAMS 0x000000008bd00000, 0x000000008bd00000| Untracked 
| 190|0x000000008be00000, 0x000000008be00000, 0x000000008bf00000|  0%| F|  |TAMS 0x000000008be00000, 0x000000008be00000| Untracked 
| 191|0x000000008bf00000, 0x000000008bf00000, 0x000000008c000000|  0%| F|  |TAMS 0x000000008bf00000, 0x000000008bf00000| Untracked 
| 192|0x000000008c000000, 0x000000008c000000, 0x000000008c100000|  0%| F|  |TAMS 0x000000008c000000, 0x000000008c000000| Untracked 
| 193|0x000000008c100000, 0x000000008c100000, 0x000000008c200000|  0%| F|  |TAMS 0x000000008c100000, 0x000000008c100000| Untracked 
| 194|0x000000008c200000, 0x000000008c200000, 0x000000008c300000|  0%| F|  |TAMS 0x000000008c200000, 0x000000008c200000| Untracked 
| 195|0x000000008c300000, 0x000000008c300000, 0x000000008c400000|  0%| F|  |TAMS 0x000000008c300000, 0x000000008c300000| Untracked 
| 196|0x000000008c400000, 0x000000008c400000, 0x000000008c500000|  0%| F|  |TAMS 0x000000008c400000, 0x000000008c400000| Untracked 
| 197|0x000000008c500000, 0x000000008c500000, 0x000000008c600000|  0%| F|  |TAMS 0x000000008c500000, 0x000000008c500000| Untracked 
| 198|0x000000008c600000, 0x000000008c600000, 0x000000008c700000|  0%| F|  |TAMS 0x000000008c600000, 0x000000008c600000| Untracked 
| 199|0x000000008c700000, 0x000000008c700000, 0x000000008c800000|  0%| F|  |TAMS 0x000000008c700000, 0x000000008c700000| Untracked 
| 200|0x000000008c800000, 0x000000008c800000, 0x000000008c900000|  0%| F|  |TAMS 0x000000008c800000, 0x000000008c800000| Untracked 
| 201|0x000000008c900000, 0x000000008c900000, 0x000000008ca00000|  0%| F|  |TAMS 0x000000008c900000, 0x000000008c900000| Untracked 
| 202|0x000000008ca00000, 0x000000008ca00000, 0x000000008cb00000|  0%| F|  |TAMS 0x000000008ca00000, 0x000000008ca00000| Untracked 
| 203|0x000000008cb00000, 0x000000008cb00000, 0x000000008cc00000|  0%| F|  |TAMS 0x000000008cb00000, 0x000000008cb00000| Untracked 
| 204|0x000000008cc00000, 0x000000008ccfcda8, 0x000000008cd00000| 98%| E|  |TAMS 0x000000008cc00000, 0x000000008cc00000| Complete 
| 205|0x000000008cd00000, 0x000000008ce00000, 0x000000008ce00000|100%| E|  |TAMS 0x000000008cd00000, 0x000000008cd00000| Complete 
| 206|0x000000008ce00000, 0x000000008cf00000, 0x000000008cf00000|100%| E|CS|TAMS 0x000000008ce00000, 0x000000008ce00000| Complete 
| 207|0x000000008cf00000, 0x000000008d000000, 0x000000008d000000|100%| E|CS|TAMS 0x000000008cf00000, 0x000000008cf00000| Complete 

Card table byte_map: [0x00000149c67a0000,0x00000149c6ba0000] _byte_map_base: 0x00000149c63a0000

Marking Bits (Prev, Next): (CMBitMap*) 0x00000149b32cd478, (CMBitMap*) 0x00000149b32cd4b0
 Prev Bits: [0x00000149c6fa0000, 0x00000149c8fa0000)
 Next Bits: [0x00000149c8fa0000, 0x00000149cafa0000)

Polling page: 0x00000149b1a10000

Metaspace:

Usage:
  Non-class:    122.58 MB capacity,   120.14 MB ( 98%) used,     1.99 MB (  2%) free+waste,   470.13 KB ( <1%) overhead. 
      Class:     18.81 MB capacity,    17.37 MB ( 92%) used,     1.23 MB (  7%) free+waste,   213.13 KB (  1%) overhead. 
       Both:    141.40 MB capacity,   137.51 MB ( 97%) used,     3.22 MB (  2%) free+waste,   683.25 KB ( <1%) overhead. 

Virtual space:
  Non-class space:      124.00 MB reserved,     122.72 MB ( 99%) committed 
      Class space:        1.00 GB reserved,      18.88 MB (  2%) committed 
             Both:        1.12 GB reserved,     141.60 MB ( 12%) committed 

Chunk freelists:
   Non-Class:  14.00 KB
       Class:  0 bytes
        Both:  14.00 KB

MaxMetaspaceSize: 17179869184.00 GB
CompressedClassSpaceSize: 1.00 GB

CodeHeap 'non-profiled nmethods': size=120064Kb used=12244Kb max_used=12244Kb free=107819Kb
 bounds [0x00000149be840000, 0x00000149bf440000, 0x00000149c5d80000]
CodeHeap 'profiled nmethods': size=120000Kb used=44696Kb max_used=44696Kb free=75303Kb
 bounds [0x00000149b7310000, 0x00000149b9ec0000, 0x00000149be840000]
CodeHeap 'non-nmethods': size=5696Kb used=2395Kb max_used=2422Kb free=3301Kb
 bounds [0x00000149b6d80000, 0x00000149b7000000, 0x00000149b7310000]
 total_blobs=20894 nmethods=19863 adapters=941
 compilation: enabled
              stopped_count=0, restarted_count=0
 full_count=0

Compilation events (20 events):
Event: 4573.004 Thread 0x00000149cd5ad000 nmethod 20532% 0x00000149b9d8ad90 code [0x00000149b9d8afc0, 0x00000149b9d8b8c8]
Event: 4573.004 Thread 0x00000149cd5ad000 20533       2       com.android.tools.r8.internal.Os::T0 (70 bytes)
Event: 4573.005 Thread 0x00000149cd5ad000 nmethod 20533 0x00000149b9d8bb90 code [0x00000149b9d8bdc0, 0x00000149b9d8c148]
Event: 4573.005 Thread 0x00000149cd5ad000 20534       2       com.android.tools.r8.internal.Ps::a (115 bytes)
Event: 4573.005 Thread 0x00000149cd5ad000 nmethod 20534 0x00000149b9d8c390 code [0x00000149b9d8c5a0, 0x00000149b9d8c878]
Event: 4573.005 Thread 0x00000149cd5ad000 20535       2       com.android.tools.r8.internal.Ps::b (32 bytes)
Event: 4573.006 Thread 0x00000149cd5ad000 nmethod 20535 0x00000149b9d8cb10 code [0x00000149b9d8cd00, 0x00000149b9d8cf18]
Event: 4573.006 Thread 0x00000149cd5ad000 20536       2       com.android.tools.r8.internal.hu::get (134 bytes)
Event: 4573.006 Thread 0x00000149cd5ad000 nmethod 20536 0x00000149b9d8d110 code [0x00000149b9d8d320, 0x00000149b9d8d758]
Event: 4573.006 Thread 0x00000149cd5ad000 20537       2       com.android.tools.r8.internal.A8::b (50 bytes)
Event: 4573.007 Thread 0x00000149cd5ad000 nmethod 20537 0x00000149b9d8da10 code [0x00000149b9d8dc00, 0x00000149b9d8de18]
Event: 4573.007 Thread 0x00000149cd5ad000 20541       2       com.android.tools.r8.internal.Gg::b (53 bytes)
Event: 4573.007 Thread 0x00000149cd5ad000 nmethod 20541 0x00000149b9d8df90 code [0x00000149b9d8e180, 0x00000149b9d8e438]
Event: 4573.007 Thread 0x00000149cd5ad000 20538       2       com.android.tools.r8.internal.D8::a (152 bytes)
Event: 4573.008 Thread 0x00000149cd5ad000 nmethod 20538 0x00000149b9d8e610 code [0x00000149b9d8e8a0, 0x00000149b9d8ed48]
Event: 4573.008 Thread 0x00000149cd5ad000 20544       2       com.android.tools.r8.internal.F7::a (66 bytes)
Event: 4573.008 Thread 0x00000149cd5ad000 nmethod 20544 0x00000149b9d8f110 code [0x00000149b9d8f320, 0x00000149b9d8f5d8]
Event: 4573.008 Thread 0x00000149cd5ad000 20543       2       com.android.tools.r8.internal.F7::a (40 bytes)
Event: 4573.009 Thread 0x00000149cd5ad000 nmethod 20543 0x00000149b9d8f810 code [0x00000149b9d8fa00, 0x00000149b9d8fd48]
Event: 4573.009 Thread 0x00000149cd5ad000 20545       2       com.android.tools.r8.ir.regalloc.a::a (1373 bytes)

GC Heap History (20 events):
Event: 4537.145 GC heap before
{Heap before GC invocations=66 (full 0):
 garbage-first heap   total 177152K, used 139596K [0x0000000080000000, 0x0000000100000000)
  region size 1024K, 22 young (22528K), 1 survivors (1024K)
 Metaspace       used 120007K, capacity 123124K, committed 123236K, reserved 1157120K
  class space    used 15096K, capacity 16242K, committed 16256K, reserved 1048576K
}
Event: 4537.169 GC heap after
{Heap after GC invocations=67 (full 0):
 garbage-first heap   total 212992K, used 119927K [0x0000000080000000, 0x0000000100000000)
  region size 1024K, 3 young (3072K), 3 survivors (3072K)
 Metaspace       used 120007K, capacity 123124K, committed 123236K, reserved 1157120K
  class space    used 15096K, capacity 16242K, committed 16256K, reserved 1048576K
}
Event: 4538.797 GC heap before
{Heap before GC invocations=68 (full 0):
 garbage-first heap   total 212992K, used 152695K [0x0000000080000000, 0x0000000100000000)
  region size 1024K, 36 young (36864K), 3 survivors (3072K)
 Metaspace       used 121851K, capacity 125057K, committed 125284K, reserved 1159168K
  class space    used 15309K, capacity 16438K, committed 16512K, reserved 1048576K
}
Event: 4538.811 GC heap after
{Heap after GC invocations=69 (full 0):
 garbage-first heap   total 212992K, used 122558K [0x0000000080000000, 0x0000000100000000)
  region size 1024K, 5 young (5120K), 5 survivors (5120K)
 Metaspace       used 121851K, capacity 125057K, committed 125284K, reserved 1159168K
  class space    used 15309K, capacity 16438K, committed 16512K, reserved 1048576K
}
Event: 4539.061 GC heap before
{Heap before GC invocations=69 (full 0):
 garbage-first heap   total 212992K, used 127678K [0x0000000080000000, 0x0000000100000000)
  region size 1024K, 10 young (10240K), 5 survivors (5120K)
 Metaspace       used 121895K, capacity 125062K, committed 125284K, reserved 1159168K
  class space    used 15310K, capacity 16439K, committed 16512K, reserved 1048576K
}
Event: 4539.073 GC heap after
{Heap after GC invocations=70 (full 0):
 garbage-first heap   total 212992K, used 121851K [0x0000000080000000, 0x0000000100000000)
  region size 1024K, 2 young (2048K), 2 survivors (2048K)
 Metaspace       used 121895K, capacity 125062K, committed 125284K, reserved 1159168K
  class space    used 15310K, capacity 16439K, committed 16512K, reserved 1048576K
}
Event: 4563.935 GC heap before
{Heap before GC invocations=70 (full 0):
 garbage-first heap   total 212992K, used 155643K [0x0000000080000000, 0x0000000100000000)
  region size 1024K, 36 young (36864K), 2 survivors (2048K)
 Metaspace       used 123231K, capacity 126388K, committed 126436K, reserved 1159168K
  class space    used 15457K, capacity 16594K, committed 16640K, reserved 1048576K
}
Event: 4563.947 GC heap after
{Heap after GC invocations=71 (full 0):
 garbage-first heap   total 212992K, used 126308K [0x0000000080000000, 0x0000000100000000)
  region size 1024K, 5 young (5120K), 5 survivors (5120K)
 Metaspace       used 123231K, capacity 126388K, committed 126436K, reserved 1159168K
  class space    used 15457K, capacity 16594K, committed 16640K, reserved 1048576K
}
Event: 4564.663 GC heap before
{Heap before GC invocations=71 (full 0):
 garbage-first heap   total 212992K, used 160100K [0x0000000080000000, 0x0000000100000000)
  region size 1024K, 39 young (39936K), 5 survivors (5120K)
 Metaspace       used 123860K, capacity 127042K, committed 127332K, reserved 1159168K
  class space    used 15537K, capacity 16681K, committed 16768K, reserved 1048576K
}
Event: 4564.670 GC heap after
{Heap after GC invocations=72 (full 0):
 garbage-first heap   total 212992K, used 125044K [0x0000000080000000, 0x0000000100000000)
  region size 1024K, 1 young (1024K), 1 survivors (1024K)
 Metaspace       used 123860K, capacity 127042K, committed 127332K, reserved 1159168K
  class space    used 15537K, capacity 16681K, committed 16768K, reserved 1048576K
}
Event: 4567.059 GC heap before
{Heap before GC invocations=72 (full 0):
 garbage-first heap   total 212992K, used 161908K [0x0000000080000000, 0x0000000100000000)
  region size 1024K, 38 young (38912K), 1 survivors (1024K)
 Metaspace       used 129901K, capacity 133107K, committed 133220K, reserved 1165312K
  class space    used 16320K, capacity 17467K, committed 17536K, reserved 1048576K
}
Event: 4567.072 GC heap after
{Heap after GC invocations=73 (full 0):
 garbage-first heap   total 212992K, used 128455K [0x0000000080000000, 0x0000000100000000)
  region size 1024K, 5 young (5120K), 5 survivors (5120K)
 Metaspace       used 129901K, capacity 133107K, committed 133220K, reserved 1165312K
  class space    used 16320K, capacity 17467K, committed 17536K, reserved 1048576K
}
Event: 4569.551 GC heap before
{Heap before GC invocations=74 (full 0):
 garbage-first heap   total 212992K, used 166343K [0x0000000080000000, 0x0000000100000000)
  region size 1024K, 42 young (43008K), 5 survivors (5120K)
 Metaspace       used 131941K, capacity 135193K, committed 135524K, reserved 1167360K
  class space    used 16520K, capacity 17688K, committed 17792K, reserved 1048576K
}
Event: 4569.573 GC heap after
{Heap after GC invocations=75 (full 0):
 garbage-first heap   total 212992K, used 137456K [0x0000000080000000, 0x0000000100000000)
  region size 1024K, 6 young (6144K), 6 survivors (6144K)
 Metaspace       used 131941K, capacity 135193K, committed 135524K, reserved 1167360K
  class space    used 16520K, capacity 17688K, committed 17792K, reserved 1048576K
}
Event: 4569.786 GC heap before
{Heap before GC invocations=75 (full 0):
 garbage-first heap   total 212992K, used 141552K [0x0000000080000000, 0x0000000100000000)
  region size 1024K, 10 young (10240K), 6 survivors (6144K)
 Metaspace       used 132067K, capacity 135352K, committed 135524K, reserved 1167360K
  class space    used 16535K, capacity 17697K, committed 17792K, reserved 1048576K
}
Event: 4569.805 GC heap after
{Heap after GC invocations=76 (full 0):
 garbage-first heap   total 212992K, used 131910K [0x0000000080000000, 0x0000000100000000)
  region size 1024K, 1 young (1024K), 1 survivors (1024K)
 Metaspace       used 132067K, capacity 135352K, committed 135524K, reserved 1167360K
  class space    used 16535K, capacity 17697K, committed 17792K, reserved 1048576K
}
Event: 4571.314 GC heap before
{Heap before GC invocations=76 (full 0):
 garbage-first heap   total 212992K, used 169798K [0x0000000080000000, 0x0000000100000000)
  region size 1024K, 37 young (37888K), 1 survivors (1024K)
 Metaspace       used 134383K, capacity 137804K, committed 137956K, reserved 1169408K
  class space    used 16862K, capacity 18103K, committed 18176K, reserved 1048576K
}
Event: 4571.332 GC heap after
{Heap after GC invocations=77 (full 0):
 garbage-first heap   total 212992K, used 139264K [0x0000000080000000, 0x0000000100000000)
  region size 1024K, 5 young (5120K), 5 survivors (5120K)
 Metaspace       used 134383K, capacity 137804K, committed 137956K, reserved 1169408K
  class space    used 16862K, capacity 18103K, committed 18176K, reserved 1048576K
}
Event: 4572.818 GC heap before
{Heap before GC invocations=77 (full 0):
 garbage-first heap   total 212992K, used 171008K [0x0000000080000000, 0x0000000100000000)
  region size 1024K, 37 young (37888K), 5 survivors (5120K)
 Metaspace       used 139217K, capacity 143039K, committed 143204K, reserved 1173504K
  class space    used 17639K, capacity 19063K, committed 19072K, reserved 1048576K
}
Event: 4572.832 GC heap after
{Heap after GC invocations=78 (full 0):
 garbage-first heap   total 212992K, used 140484K [0x0000000080000000, 0x0000000100000000)
  region size 1024K, 2 young (2048K), 2 survivors (2048K)
 Metaspace       used 139217K, capacity 143039K, committed 143204K, reserved 1173504K
  class space    used 17639K, capacity 19063K, committed 19072K, reserved 1048576K
}

Deoptimization events (20 events):
Event: 4572.976 Thread 0x00000149d0118000 DEOPT PACKING pc=0x00000149b9ccf733 sp=0x00000049636fc2e0
Event: 4572.976 Thread 0x00000149d0118000 DEOPT UNPACKING pc=0x00000149b6da76ce sp=0x00000049636fb778 mode 0
Event: 4572.979 Thread 0x00000149d0118000 DEOPT PACKING pc=0x00000149b9ccf733 sp=0x00000049636fc2e0
Event: 4572.979 Thread 0x00000149d0118000 DEOPT UNPACKING pc=0x00000149b6da76ce sp=0x00000049636fb778 mode 0
Event: 4572.982 Thread 0x00000149d0118000 DEOPT PACKING pc=0x00000149b9ccf733 sp=0x00000049636fc2e0
Event: 4572.982 Thread 0x00000149d0118000 DEOPT UNPACKING pc=0x00000149b6da76ce sp=0x00000049636fb778 mode 0
Event: 4572.984 Thread 0x00000149d0118000 DEOPT PACKING pc=0x00000149b9ccf733 sp=0x00000049636fc2e0
Event: 4572.984 Thread 0x00000149d0118000 DEOPT UNPACKING pc=0x00000149b6da76ce sp=0x00000049636fb778 mode 0
Event: 4572.985 Thread 0x00000149d0118000 DEOPT PACKING pc=0x00000149b9ccf733 sp=0x00000049636fc2e0
Event: 4572.985 Thread 0x00000149d0118000 DEOPT UNPACKING pc=0x00000149b6da76ce sp=0x00000049636fb778 mode 0
Event: 4572.987 Thread 0x00000149d0118000 DEOPT PACKING pc=0x00000149b9ccf733 sp=0x00000049636fc2e0
Event: 4572.987 Thread 0x00000149d0118000 DEOPT UNPACKING pc=0x00000149b6da76ce sp=0x00000049636fb778 mode 0
Event: 4572.989 Thread 0x00000149d0118000 DEOPT PACKING pc=0x00000149b9ccf733 sp=0x00000049636fc2e0
Event: 4572.989 Thread 0x00000149d0118000 DEOPT UNPACKING pc=0x00000149b6da76ce sp=0x00000049636fb778 mode 0
Event: 4572.994 Thread 0x00000149d0118000 DEOPT PACKING pc=0x00000149b9ccf733 sp=0x00000049636fc2e0
Event: 4572.994 Thread 0x00000149d0118000 DEOPT UNPACKING pc=0x00000149b6da76ce sp=0x00000049636fb778 mode 0
Event: 4572.996 Thread 0x00000149d0118000 DEOPT PACKING pc=0x00000149b9ccf733 sp=0x00000049636fc2e0
Event: 4572.996 Thread 0x00000149d0118000 DEOPT UNPACKING pc=0x00000149b6da76ce sp=0x00000049636fb778 mode 0
Event: 4572.997 Thread 0x00000149d0118000 DEOPT PACKING pc=0x00000149b9ccf733 sp=0x00000049636fc2e0
Event: 4572.997 Thread 0x00000149d0118000 DEOPT UNPACKING pc=0x00000149b6da76ce sp=0x00000049636fb778 mode 0

Classes redefined (0 events):
No events

Internal exceptions (20 events):
Event: 4572.070 Thread 0x00000149d0113800 Exception <a 'java/lang/NoSuchMethodError'{0x000000008c6e2088}: 'java.lang.Object java.lang.invoke.DirectMethodHandle$Holder.invokeVirtual(java.lang.Object, java.lang.Object, int, java.lang.Object)'> (0x000000008c6e2088) thrown at [./src/hotspot/share/interpreter/linkResolver.cpp, line 773]
Event: 4572.070 Thread 0x00000149d010d800 Exception <a 'java/lang/NoSuchMethodError'{0x000000008c6d5ab0}: 'java.lang.Object java.lang.invoke.DirectMethodHandle$Holder.invokeVirtual(java.lang.Object, java.lang.Object, int, java.lang.Object)'> (0x000000008c6d5ab0) thrown at [./src/hotspot/share/interpreter/linkResolver.cpp, line 773]
Event: 4572.070 Thread 0x00000149d0118000 Exception <a 'java/lang/NoSuchMethodError'{0x000000008c6a0188}: 'java.lang.Object java.lang.invoke.DirectMethodHandle$Holder.invokeVirtual(java.lang.Object, java.lang.Object, int, java.lang.Object)'> (0x000000008c6a0188) thrown at [./src/hotspot/share/interpreter/linkResolver.cpp, line 773]
Event: 4572.111 Thread 0x00000149d0113800 Exception <a 'java/lang/IncompatibleClassChangeError'{0x000000008c59a828}: Found class java.lang.Object, but interface was expected> (0x000000008c59a828) thrown at [./src/hotspot/share/interpreter/linkResolver.cpp, line 839]
Event: 4572.111 Thread 0x00000149d010d800 Exception <a 'java/lang/IncompatibleClassChangeError'{0x000000008c577f28}: Found class java.lang.Object, but interface was expected> (0x000000008c577f28) thrown at [./src/hotspot/share/interpreter/linkResolver.cpp, line 839]
Event: 4572.113 Thread 0x00000149d0113800 Exception <a 'java/lang/IncompatibleClassChangeError'{0x000000008c5a3b30}: Found class java.lang.Object, but interface was expected> (0x000000008c5a3b30) thrown at [./src/hotspot/share/interpreter/linkResolver.cpp, line 839]
Event: 4572.113 Thread 0x00000149d010d800 Exception <a 'java/lang/IncompatibleClassChangeError'{0x000000008c57b0e8}: Found class java.lang.Object, but interface was expected> (0x000000008c57b0e8) thrown at [./src/hotspot/share/interpreter/linkResolver.cpp, line 839]
Event: 4572.174 Thread 0x00000149d0117800 Exception <a 'java/lang/NoSuchMethodError'{0x000000008c463a18}: 'void java.lang.invoke.DirectMethodHandle$Holder.invokeVirtual(java.lang.Object, java.lang.Object, int, java.lang.Object)'> (0x000000008c463a18) thrown at [./src/hotspot/share/interpreter/linkResolver.cpp, line 773]
Event: 4572.174 Thread 0x00000149d0118000 Exception <a 'java/lang/NoSuchMethodError'{0x000000008c538558}: 'void java.lang.invoke.DirectMethodHandle$Holder.invokeVirtual(java.lang.Object, java.lang.Object, int, java.lang.Object)'> (0x000000008c538558) thrown at [./src/hotspot/share/interpreter/linkResolver.cpp, line 773]
Event: 4572.174 Thread 0x00000149d0113800 Exception <a 'java/lang/NoSuchMethodError'{0x000000008c5f89c8}: 'void java.lang.invoke.DirectMethodHandle$Holder.invokeVirtual(java.lang.Object, java.lang.Object, int, java.lang.Object)'> (0x000000008c5f89c8) thrown at [./src/hotspot/share/interpreter/linkResolver.cpp, line 773]
Event: 4572.431 Thread 0x00000149d0113800 Exception <a 'java/lang/NoSuchMethodError'{0x000000008c0001c8}: 'java.lang.Object java.lang.invoke.DirectMethodHandle$Holder.newInvokeSpecial(java.lang.Object, int)'> (0x000000008c0001c8) thrown at [./src/hotspot/share/interpreter/linkResolver.cpp, line 773]
Event: 4572.431 Thread 0x00000149d010d800 Exception <a 'java/lang/NoSuchMethodError'{0x000000008c1ff600}: 'java.lang.Object java.lang.invoke.DirectMethodHandle$Holder.newInvokeSpecial(java.lang.Object, int)'> (0x000000008c1ff600) thrown at [./src/hotspot/share/interpreter/linkResolver.cpp, line 773]
Event: 4572.532 Thread 0x00000149d010d800 Exception <a 'java/lang/NoSuchMethodError'{0x000000008bebb028}: 'long java.lang.invoke.DirectMethodHandle$Holder.invokeStatic(java.lang.Object, java.lang.Object)'> (0x000000008bebb028) thrown at [./src/hotspot/share/interpreter/linkResolver.cpp, line 773]
Event: 4572.743 Thread 0x00000149d010d800 Exception <a 'java/lang/NoSuchMethodError'{0x000000008b4515c8}: 'void java.lang.invoke.DirectMethodHandle$Holder.invokeSpecial(java.lang.Object, java.lang.Object, int, java.lang.Object, java.lang.Object, java.lang.Object, java.lang.Object)'> (0x000000008b4515c8) thrown at [./src/hotspot/share/interpreter/linkResolver.cpp, line 773]
Event: 4572.745 Thread 0x00000149d010d800 Exception <a 'java/lang/NoSuchMethodError'{0x000000008b371310}: 'java.lang.Object java.lang.invoke.Invokers$Holder.linkToTargetMethod(java.lang.Object, int, java.lang.Object, java.lang.Object, java.lang.Object, java.lang.Object)'> (0x000000008b371310) thrown at [./src/hotspot/share/interpreter/linkResolver.cpp, line 773]
Event: 4572.745 Thread 0x00000149d010d800 Exception <a 'java/lang/NoSuchMethodError'{0x000000008b374fc8}: 'void java.lang.invoke.DirectMethodHandle$Holder.invokeSpecial(java.lang.Object, java.lang.Object, java.lang.Object, java.lang.Object, java.lang.Object, java.lang.Object, java.lang.Object, java.lang.Object, java.lang.Object)'> (0x000000008b374fc8) thrown at [./src/hotspot/share/interpreter/linkResolver.cpp, line 773]
Event: 4572.745 Thread 0x00000149d0113800 Exception <a 'java/lang/NoSuchMethodError'{0x000000008b359bc8}: 'void java.lang.invoke.DirectMethodHandle$Holder.invokeSpecial(java.lang.Object, java.lang.Object, java.lang.Object, java.lang.Object, java.lang.Object, java.lang.Object, java.lang.Object, java.lang.Object, java.lang.Object)'> (0x000000008b359bc8) thrown at [./src/hotspot/share/interpreter/linkResolver.cpp, line 773]
Event: 4572.749 Thread 0x00000149d010d800 Exception <a 'java/lang/NoSuchMethodError'{0x000000008b38c808}: 'void java.lang.invoke.DirectMethodHandle$Holder.invokeStatic(java.lang.Object, java.lang.Object, java.lang.Object, java.lang.Object, java.lang.Object, java.lang.Object, java.lang.Object, java.lang.Object)'> (0x000000008b38c808) thrown at [./src/hotspot/share/interpreter/linkResolver.cpp, line 773]
Event: 4572.979 Thread 0x00000149d0113800 Exception <a 'java/lang/IncompatibleClassChangeError'{0x000000008c7c8418}: Found class java.lang.Object, but interface was expected> (0x000000008c7c8418) thrown at [./src/hotspot/share/interpreter/linkResolver.cpp, line 839]
Event: 4572.979 Thread 0x00000149d010d800 Exception <a 'java/lang/IncompatibleClassChangeError'{0x000000008c7aa120}: Found class java.lang.Object, but interface was expected> (0x000000008c7aa120) thrown at [./src/hotspot/share/interpreter/linkResolver.cpp, line 839]

Events (20 events):
Event: 4572.981 Executing VM operation: RevokeBias
Event: 4572.981 Executing coalesced safepoint VM operation: RevokeBias
Event: 4572.981 Executing coalesced safepoint VM operation: RevokeBias done
Event: 4572.981 Executing VM operation: RevokeBias done
Event: 4572.981 loading class com/android/tools/r8/dex/z
Event: 4572.981 loading class com/android/tools/r8/dex/z done
Event: 4572.981 loading class com/android/tools/r8/dex/z
Event: 4572.981 loading class com/android/tools/r8/dex/z done
Event: 4572.981 loading class com/android/tools/r8/dex/b
Event: 4572.981 loading class com/android/tools/r8/dex/b done
Event: 4572.982 loading class com/android/tools/r8/internal/Uu
Event: 4572.982 loading class com/android/tools/r8/internal/Uu done
Event: 4572.992 loading class com/android/tools/r8/internal/k8
Event: 4572.992 loading class com/android/tools/r8/internal/k8 done
Event: 4572.993 loading class com/android/tools/r8/graph/v0
Event: 4572.993 loading class com/android/tools/r8/graph/v0 done
Event: 4572.993 loading class com/android/tools/r8/naming/b
Event: 4572.993 loading class com/android/tools/r8/naming/b done
Event: 4572.995 loading class com/android/tools/r8/internal/m8
Event: 4572.995 loading class com/android/tools/r8/internal/m8 done


Dynamic libraries:
0x00007ff72b5e0000 - 0x00007ff72b5ea000 	C:\Program Files\Android\Android Studio1\jre\bin\java.exe
0x00007ffdeb310000 - 0x00007ffdeb505000 	C:\WINDOWS\SYSTEM32\ntdll.dll
0x00007ffde9650000 - 0x00007ffde970e000 	C:\WINDOWS\System32\KERNEL32.DLL
0x00007ffde9090000 - 0x00007ffde9358000 	C:\WINDOWS\System32\KERNELBASE.dll
0x00007ffde8ba0000 - 0x00007ffde8ca0000 	C:\WINDOWS\System32\ucrtbase.dll
0x00007ffde46e0000 - 0x00007ffde46f7000 	C:\Program Files\Android\Android Studio1\jre\bin\VCRUNTIME140.dll
0x00007ffdc1740000 - 0x00007ffdc1759000 	C:\Program Files\Android\Android Studio1\jre\bin\jli.dll
0x00007ffde9b50000 - 0x00007ffde9cf1000 	C:\WINDOWS\System32\USER32.dll
0x00007ffddffc0000 - 0x00007ffde025a000 	C:\WINDOWS\WinSxS\amd64_microsoft.windows.common-controls_6595b64144ccf1df_6.0.19041.1110_none_60b5254171f9507e\COMCTL32.dll
0x00007ffde9010000 - 0x00007ffde9032000 	C:\WINDOWS\System32\win32u.dll
0x00007ffdea470000 - 0x00007ffdea50e000 	C:\WINDOWS\System32\msvcrt.dll
0x00007ffdea440000 - 0x00007ffdea46b000 	C:\WINDOWS\System32\GDI32.dll
0x00007ffde8a90000 - 0x00007ffde8b9b000 	C:\WINDOWS\System32\gdi32full.dll
0x00007ffde8d30000 - 0x00007ffde8dcd000 	C:\WINDOWS\System32\msvcp_win.dll
0x00007ffdeb280000 - 0x00007ffdeb2b0000 	C:\WINDOWS\System32\IMM32.DLL
0x00007ffdc62e0000 - 0x00007ffdc637d000 	C:\Program Files\Android\Android Studio1\jre\bin\msvcp140.dll
0x00007ffda9fb0000 - 0x00007ffdaaa7f000 	C:\Program Files\Android\Android Studio1\jre\bin\server\jvm.dll
0x00007ffdea820000 - 0x00007ffdea8cc000 	C:\WINDOWS\System32\ADVAPI32.dll
0x00007ffde9ab0000 - 0x00007ffde9b4b000 	C:\WINDOWS\System32\sechost.dll
0x00007ffde98c0000 - 0x00007ffde99ea000 	C:\WINDOWS\System32\RPCRT4.dll
0x00007ffde9aa0000 - 0x00007ffde9aa8000 	C:\WINDOWS\System32\PSAPI.DLL
0x00007ffddfbe0000 - 0x00007ffddfc07000 	C:\WINDOWS\SYSTEM32\WINMM.dll
0x00007ffde6280000 - 0x00007ffde6289000 	C:\WINDOWS\SYSTEM32\WSOCK32.dll
0x00007ffde0400000 - 0x00007ffde040a000 	C:\WINDOWS\SYSTEM32\VERSION.dll
0x00007ffdea6a0000 - 0x00007ffdea70b000 	C:\WINDOWS\System32\WS2_32.dll
0x00007ffde6850000 - 0x00007ffde6862000 	C:\WINDOWS\SYSTEM32\kernel.appcore.dll
0x00007ffdd9660000 - 0x00007ffdd9671000 	C:\Program Files\Android\Android Studio1\jre\bin\verify.dll
0x00007ffddf6b0000 - 0x00007ffddf894000 	C:\WINDOWS\SYSTEM32\DBGHELP.DLL
0x00007ffde2af0000 - 0x00007ffde2b1c000 	C:\WINDOWS\SYSTEM32\dbgcore.DLL
0x00007ffde8ca0000 - 0x00007ffde8d23000 	C:\WINDOWS\System32\bcryptPrimitives.dll
0x00007ffdd4450000 - 0x00007ffdd4479000 	C:\Program Files\Android\Android Studio1\jre\bin\java.dll
0x00007ffde4660000 - 0x00007ffde466b000 	C:\Program Files\Android\Android Studio1\jre\bin\jimage.dll
0x00007ffdd2c70000 - 0x00007ffdd2c88000 	C:\Program Files\Android\Android Studio1\jre\bin\zip.dll
0x00007ffde9d00000 - 0x00007ffdea43f000 	C:\WINDOWS\System32\SHELL32.dll
0x00007ffde6b30000 - 0x00007ffde72c0000 	C:\WINDOWS\SYSTEM32\windows.storage.dll
0x00007ffdea8d0000 - 0x00007ffdeac25000 	C:\WINDOWS\System32\combase.dll
0x00007ffde83b0000 - 0x00007ffde83de000 	C:\WINDOWS\SYSTEM32\Wldp.dll
0x00007ffde99f0000 - 0x00007ffde9a9d000 	C:\WINDOWS\System32\SHCORE.dll
0x00007ffdeac30000 - 0x00007ffdeac85000 	C:\WINDOWS\System32\shlwapi.dll
0x00007ffde8970000 - 0x00007ffde898f000 	C:\WINDOWS\SYSTEM32\profapi.dll
0x00007ffdd2ac0000 - 0x00007ffdd2ada000 	C:\Program Files\Android\Android Studio1\jre\bin\net.dll
0x00007ffddf9e0000 - 0x00007ffddfaec000 	C:\WINDOWS\SYSTEM32\WINHTTP.dll
0x00007ffde8110000 - 0x00007ffde817a000 	C:\WINDOWS\system32\mswsock.dll
0x00007ffdcb880000 - 0x00007ffdcb894000 	C:\Program Files\Android\Android Studio1\jre\bin\nio.dll
0x00007ffdc1c20000 - 0x00007ffdc1c47000 	C:\Users\ROY\.gradle\native\8bec1ad78214c89d9ad589b4d07fe93259594b29d510b10fafb7a158f7737e5d\windows-amd64\native-platform.dll
0x00007ffda9e70000 - 0x00007ffda9fad000 	C:\Users\ROY\.gradle\native\53dbd7edfb1c66fb8903c78663c9afc45aea4f116125fa6feffd364cf09443e8\windows-amd64\native-platform-file-events.dll
0x00007ffde4300000 - 0x00007ffde430a000 	C:\Program Files\Android\Android Studio1\jre\bin\management.dll
0x00007ffdd95c0000 - 0x00007ffdd95cc000 	C:\Program Files\Android\Android Studio1\jre\bin\management_ext.dll
0x00007ffde8310000 - 0x00007ffde8328000 	C:\WINDOWS\SYSTEM32\CRYPTSP.dll
0x00007ffde7a90000 - 0x00007ffde7ac4000 	C:\WINDOWS\system32\rsaenh.dll
0x00007ffde8fe0000 - 0x00007ffde9007000 	C:\WINDOWS\System32\bcrypt.dll
0x00007ffde88c0000 - 0x00007ffde88ee000 	C:\WINDOWS\SYSTEM32\USERENV.dll
0x00007ffde8300000 - 0x00007ffde830c000 	C:\WINDOWS\SYSTEM32\CRYPTBASE.dll
0x00007ffde7e00000 - 0x00007ffde7e3b000 	C:\WINDOWS\SYSTEM32\IPHLPAPI.DLL
0x00007ffde9640000 - 0x00007ffde9648000 	C:\WINDOWS\System32\NSI.dll
0x00007ffde17b0000 - 0x00007ffde17c7000 	C:\WINDOWS\SYSTEM32\dhcpcsvc6.DLL
0x00007ffde2230000 - 0x00007ffde224d000 	C:\WINDOWS\SYSTEM32\dhcpcsvc.DLL
0x00007ffde7e40000 - 0x00007ffde7f0b000 	C:\WINDOWS\SYSTEM32\DNSAPI.dll
0x00007ffdcb710000 - 0x00007ffdcb737000 	C:\Program Files\Android\Android Studio1\jre\bin\sunec.dll
0x00007ffddfb20000 - 0x00007ffddfb2a000 	C:\Windows\System32\rasadhlp.dll
0x00007ffddfb60000 - 0x00007ffddfbdf000 	C:\WINDOWS\System32\fwpuclnt.dll

dbghelp: loaded successfully - version: 4.0.5 - missing functions: none
symbol engine: initialized successfully - sym options: 0x614 - pdb path: .;C:\Program Files\Android\Android Studio1\jre\bin;C:\WINDOWS\SYSTEM32;C:\WINDOWS\WinSxS\amd64_microsoft.windows.common-controls_6595b64144ccf1df_6.0.19041.1110_none_60b5254171f9507e;C:\Program Files\Android\Android Studio1\jre\bin\server;C:\Users\ROY\.gradle\native\8bec1ad78214c89d9ad589b4d07fe93259594b29d510b10fafb7a158f7737e5d\windows-amd64;C:\Users\ROY\.gradle\native\53dbd7edfb1c66fb8903c78663c9afc45aea4f116125fa6feffd364cf09443e8\windows-amd64

VM Arguments:
jvm_args: --add-opens=java.base/java.util=ALL-UNNAMED --add-opens=java.base/java.lang=ALL-UNNAMED --add-opens=java.base/java.lang.invoke=ALL-UNNAMED --add-opens=java.base/java.util=ALL-UNNAMED --add-opens=java.prefs/java.util.prefs=ALL-UNNAMED --add-opens=java.prefs/java.util.prefs=ALL-UNNAMED --add-opens=java.base/java.nio.charset=ALL-UNNAMED --add-opens=java.base/java.net=ALL-UNNAMED --add-opens=java.base/java.util.concurrent.atomic=ALL-UNNAMED -Xmx2048m -Dfile.encoding=UTF-8 -Duser.country=IN -Duser.language=en -Duser.variant 
java_command: org.gradle.launcher.daemon.bootstrap.GradleDaemon 7.0.2
java_class_path (initial): C:\Users\ROY\.gradle\wrapper\dists\gradle-7.0.2-bin\857tjihv64xamwrf0h14cai3r\gradle-7.0.2\lib\gradle-launcher-7.0.2.jar
Launcher Type: SUN_STANDARD

[Global flags]
     intx CICompilerCount                          = 3                                         {product} {ergonomic}
     uint ConcGCThreads                            = 1                                         {product} {ergonomic}
     uint G1ConcRefinementThreads                  = 4                                         {product} {ergonomic}
   size_t G1HeapRegionSize                         = 1048576                                   {product} {ergonomic}
    uintx GCDrainStackTargetSize                   = 64                                        {product} {ergonomic}
   size_t InitialHeapSize                          = 125829120                                 {product} {ergonomic}
   size_t MarkStackSize                            = 4194304                                   {product} {ergonomic}
   size_t MaxHeapSize                              = 2147483648                                {product} {command line}
   size_t MaxNewSize                               = 1287651328                                {product} {ergonomic}
   size_t MinHeapDeltaBytes                        = 1048576                                   {product} {ergonomic}
    uintx NonNMethodCodeHeapSize                   = 5830732                                {pd product} {ergonomic}
    uintx NonProfiledCodeHeapSize                  = 122913754                              {pd product} {ergonomic}
    uintx ProfiledCodeHeapSize                     = 122913754                              {pd product} {ergonomic}
    uintx ReservedCodeCacheSize                    = 251658240                              {pd product} {ergonomic}
     bool SegmentedCodeCache                       = true                                      {product} {ergonomic}
     bool UseCompressedClassPointers               = true                                 {lp64_product} {ergonomic}
     bool UseCompressedOops                        = true                                 {lp64_product} {ergonomic}
     bool UseG1GC                                  = true                                      {product} {ergonomic}
     bool UseLargePagesIndividualAllocation        = false                                  {pd product} {ergonomic}

Logging:
Log output configuration:
 #0: stdout all=warning uptime,level,tags
 #1: stderr all=off uptime,level,tags

Environment Variables:
PATH=C:\Program Files\Common Files\Oracle\Java\javapath;C:\WINDOWS\system32;C:\WINDOWS;C:\WINDOWS\System32\Wbem;C:\WINDOWS\System32\WindowsPowerShell\v1.0\;C:\WINDOWS\System32\OpenSSH\;C:\Program Files\Git\cmd;C:\Users\ROY\AppData\Local\Programs\Python\Python310\Scripts\;C:\Users\ROY\AppData\Local\Programs\Python\Python310\;C:\Users\ROY\AppData\Local\Microsoft\WindowsApps;
USERNAME=ROY
OS=Windows_NT
PROCESSOR_IDENTIFIER=Intel64 Family 6 Model 61 Stepping 4, GenuineIntel



---------------  S Y S T E M  ---------------

OS: Windows 10 , 64 bit Build 19041 (10.0.19041.1348)
OS uptime: 3 days 7:40 hours

CPU:total 4 (initial active 4) (2 cores per cpu, 2 threads per core) family 6 model 61 stepping 4 microcode 0x2d, cmov, cx8, fxsr, mmx, sse, sse2, sse3, ssse3, sse4.1, sse4.2, popcnt, avx, avx2, aes, clmul, erms, 3dnowpref, lzcnt, ht, tsc, tscinvbit, bmi1, bmi2, adx, fma

Memory: 4k page, system-wide physical 7603M (58M free)
TotalPageFile size 7603M (AvailPageFile size 2M)
current process WorkingSet (physical memory assigned to process): 509M, peak: 511M
current process commit charge ("private bytes"): 578M, peak: 578M

vm_info: OpenJDK 64-Bit Server VM (11.0.10+0-b96-7249189) for windows-amd64 JRE (11.0.10+0-b96-7249189), built on Mar 31 2021 21:44:00 by "builder" with MS VC++ 14.0 (VS2015)

END.
